#
# There is insufficient memory for the Java Runtime Environment to continue.
# Native memory allocation (malloc) failed to allocate 347776 bytes for Chunk::new
# Possible reasons:
#   The system is out of physical RAM or swap space
#   The process is running with CompressedOops enabled, and the Java Heap may be blocking the growth of the native heap
# Possible solutions:
#   Reduce memory load on the system
#   Increase physical memory or swap space
#   Check if swap backing store is full
#   Decrease Java heap size (-Xmx/-Xms)
#   Decrease number of Java threads
#   Decrease Java thread stack sizes (-Xss)
#   Set larger code cache with -XX:ReservedCodeCacheSize=
#   JVM is running with Unscaled Compressed Oops mode in which the Java heap is
#     placed in the first 4GB address space. The Java Heap base address is the
#     maximum limit for the native heap growth. Please use -XX:HeapBaseMinAddress
#     to set the Java Heap base and to place the Java Heap above 4GB virtual address.
# This output file may be truncated or incomplete.
#
#  Out of Memory Error (c:/BuildAgent/work/5ff2f6c26000d570/src/hotspot/share/memory/arena.cpp:197), pid=10056, tid=20220
#
# JRE version: OpenJDK Runtime Environment (11.0.5+10) (build 11.0.5+10-b520.30)
# Java VM: OpenJDK 64-Bit Server VM (11.0.5+10-b520.30, mixed mode, sharing, tiered, compressed oops, g1 gc, windows-amd64)
# No core dump will be written. Minidumps are not enabled by default on client versions of Windows
#

---------------  S U M M A R Y ------------

Command Line: -javaagent:C:\Program Files\JetBrains\IntelliJ IDEA Community Edition 2019.3.2\lib\idea_rt.jar=59877:C:\Program Files\JetBrains\IntelliJ IDEA Community Edition 2019.3.2\bin -Dfile.encoding=UTF-8 io.mbab.sda.groupproject.Application

Host: Intel(R) Core(TM) i5-8250U CPU @ 1.60GHz, 8 cores, 7G,  Windows 10 , 64 bit Build 19041 (10.0.19041.292)
Time: Thu Sep 10 22:42:27 2020 Œrodkowoeuropejski czas letni elapsed time: 3 seconds (0d 0h 0m 3s)

---------------  T H R E A D  ---------------

Current thread (0x0000026481e31800):  JavaThread "C2 CompilerThread1" daemon [_thread_in_native, id=20220, stack(0x00000078a3900000,0x00000078a3a00000)]


Current CompileTask:
C2:   3354 2106       4       java.net.URLStreamHandler::parseURL (1201 bytes)

Stack: [0x00000078a3900000,0x00000078a3a00000]
Native frames: (J=compiled Java code, j=interpreted, Vv=VM code, C=native code)
V  [jvm.dll+0x5dcafa]
V  [jvm.dll+0x70e375]
V  [jvm.dll+0x70f898]
V  [jvm.dll+0x70ff63]
V  [jvm.dll+0x23e238]
V  [jvm.dll+0xb8a9c]
V  [jvm.dll+0xb8fac]
V  [jvm.dll+0x2b1f94]
V  [jvm.dll+0x501372]
V  [jvm.dll+0x1f90e8]
V  [jvm.dll+0x1f6a1f]
V  [jvm.dll+0x17f6fc]
V  [jvm.dll+0x204f77]
V  [jvm.dll+0x2037f1]
V  [jvm.dll+0x6d835f]
V  [jvm.dll+0x6d114d]
V  [jvm.dll+0x5dbdd6]
C  [ucrtbase.dll+0x21542]
C  [KERNEL32.DLL+0x16fd4]
C  [ntdll.dll+0x4cec1]


---------------  P R O C E S S  ---------------

Threads class SMR info:
_java_thread_list=0x00000264820d9370, length=13, elements={
0x00000264e3413800, 0x00000264ffcd3800, 0x00000264ffcd4800, 0x00000264ffcf0800,
0x00000264ffcf1800, 0x00000264ffcf2800, 0x00000264ffcf5800, 0x00000264ffcf7000,
0x00000264ffcb9000, 0x0000026480c54800, 0x0000026480b78000, 0x0000026480d97000,
0x0000026481e31800
}

Java Threads: ( => current thread )
  0x00000264e3413800 JavaThread "main" [_thread_in_vm, id=14160, stack(0x00000078a2a00000,0x00000078a2b00000)]
  0x00000264ffcd3800 JavaThread "Reference Handler" daemon [_thread_blocked, id=6664, stack(0x00000078a3100000,0x00000078a3200000)]
  0x00000264ffcd4800 JavaThread "Finalizer" daemon [_thread_blocked, id=19144, stack(0x00000078a3200000,0x00000078a3300000)]
  0x00000264ffcf0800 JavaThread "Signal Dispatcher" daemon [_thread_blocked, id=14840, stack(0x00000078a3300000,0x00000078a3400000)]
  0x00000264ffcf1800 JavaThread "Attach Listener" daemon [_thread_blocked, id=19372, stack(0x00000078a3400000,0x00000078a3500000)]
  0x00000264ffcf2800 JavaThread "C2 CompilerThread0" daemon [_thread_in_native, id=1512, stack(0x00000078a3500000,0x00000078a3600000)]
  0x00000264ffcf5800 JavaThread "C1 CompilerThread0" daemon [_thread_in_native, id=13748, stack(0x00000078a3600000,0x00000078a3700000)]
  0x00000264ffcf7000 JavaThread "Sweeper thread" daemon [_thread_blocked, id=8596, stack(0x00000078a3700000,0x00000078a3800000)]
  0x00000264ffcb9000 JavaThread "Common-Cleaner" daemon [_thread_blocked, id=19216, stack(0x00000078a3800000,0x00000078a3900000)]
  0x0000026480c54800 JavaThread "Monitor Ctrl-Break" daemon [_thread_in_native, id=18964, stack(0x00000078a3a00000,0x00000078a3b00000)]
  0x0000026480b78000 JavaThread "Service Thread" daemon [_thread_blocked, id=16164, stack(0x00000078a3b00000,0x00000078a3c00000)]
  0x0000026480d97000 JavaThread "mysql-cj-abandoned-connection-cleanup" daemon [_thread_blocked, id=22880, stack(0x00000078a3d00000,0x00000078a3e00000)]
=>0x0000026481e31800 JavaThread "C2 CompilerThread1" daemon [_thread_in_native, id=20220, stack(0x00000078a3900000,0x00000078a3a00000)]

Other Threads:
  0x00000264ffcd2000 VMThread "VM Thread" [stack: 0x00000078a3000000,0x00000078a3100000] [id=20464]
  0x0000026480c55800 WatcherThread [stack: 0x00000078a3c00000,0x00000078a3d00000] [id=23044]
  0x00000264e342b800 GCTaskThread "GC Thread#0" [stack: 0x00000078a2b00000,0x00000078a2c00000] [id=6752]
  0x0000026480fdb800 GCTaskThread "GC Thread#1" [stack: 0x00000078a3e00000,0x00000078a3f00000] [id=13504]
  0x0000026480ffe000 GCTaskThread "GC Thread#2" [stack: 0x00000078a3f00000,0x00000078a4000000] [id=3044]
  0x00000264e345d800 ConcurrentGCThread "G1 Main Marker" [stack: 0x00000078a2c00000,0x00000078a2d00000] [id=22788]
  0x00000264e345f800 ConcurrentGCThread "G1 Conc#0" [stack: 0x00000078a2d00000,0x00000078a2e00000] [id=1636]
  0x00000264831be000 ConcurrentGCThread "G1 Conc#1" [stack: 0x00000078a4000000,0x00000078a4100000] [id=6716]
  0x00000264ffb64800 ConcurrentGCThread "G1 Refine#0" [stack: 0x00000078a2e00000,0x00000078a2f00000] [id=10956]
  0x00000264e34ee000 ConcurrentGCThread "G1 Young RemSet Sampling" [stack: 0x00000078a2f00000,0x00000078a3000000] [id=19420]

Threads with active compile tasks:
C2 CompilerThread0   3395 1885   !   4       jdk.internal.loader.BuiltinClassLoader::loadClassOrNull (143 bytes)
C1 CompilerThread0   3395 2111  s    3       java.io.BufferedOutputStream::write (67 bytes)
C2 CompilerThread1   3395 2106       4       java.net.URLStreamHandler::parseURL (1201 bytes)

VM state:not at safepoint (normal execution)

VM Mutex/Monitor currently owned by a thread: None

Heap address: 0x0000000081c00000, size: 2020 MB, Compressed Oops mode: 32-bit
Narrow klass base: 0x0000000800000000, Narrow klass shift: 3
Compressed class space size: 1073741824 Address: 0x0000000840000000

Heap:
 garbage-first heap   total 131072K, used 14712K [0x0000000081c00000, 0x0000000100000000)
  region size 1024K, 10 young (10240K), 6 survivors (6144K)
 Metaspace       used 21602K, capacity 22050K, committed 22320K, reserved 1069056K
  class space    used 2927K, capacity 3096K, committed 3200K, reserved 1048576K
Heap Regions: E=young(eden), S=young(survivor), O=old, HS=humongous(starts), HC=humongous(continues), CS=collection set, F=free, A=archive, TAMS=top-at-mark-start (previous, next)
|   0|0x0000000081c00000, 0x0000000081d00000, 0x0000000081d00000|100%|HS|  |TAMS 0x0000000081d00000, 0x0000000081c00000| Complete 
|   1|0x0000000081d00000, 0x0000000081e00000, 0x0000000081e00000|100%| O|  |TAMS 0x0000000081e00000, 0x0000000081d00000| Untracked 
|   2|0x0000000081e00000, 0x0000000081f00000, 0x0000000081f00000|100%| O|  |TAMS 0x0000000081f00000, 0x0000000081e00000| Untracked 
|   3|0x0000000081f00000, 0x0000000082000000, 0x0000000082000000|100%| O|  |TAMS 0x0000000082000000, 0x0000000081f00000| Untracked 
|   4|0x0000000082000000, 0x0000000082100000, 0x0000000082100000|100%| O|  |TAMS 0x0000000082100000, 0x0000000082000000| Untracked 
|   5|0x0000000082100000, 0x000000008215e000, 0x0000000082200000| 36%| O|  |TAMS 0x000000008215e000, 0x0000000082100000| Untracked 
|   6|0x0000000082200000, 0x0000000082200000, 0x0000000082300000|  0%| F|  |TAMS 0x0000000082200000, 0x0000000082200000| Untracked 
|   7|0x0000000082300000, 0x0000000082300000, 0x0000000082400000|  0%| F|  |TAMS 0x0000000082300000, 0x0000000082300000| Untracked 
|   8|0x0000000082400000, 0x0000000082400000, 0x0000000082500000|  0%| F|  |TAMS 0x0000000082400000, 0x0000000082400000| Untracked 
|   9|0x0000000082500000, 0x0000000082500000, 0x0000000082600000|  0%| F|  |TAMS 0x0000000082500000, 0x0000000082500000| Untracked 
|  10|0x0000000082600000, 0x0000000082600000, 0x0000000082700000|  0%| F|  |TAMS 0x0000000082600000, 0x0000000082600000| Untracked 
|  11|0x0000000082700000, 0x0000000082700000, 0x0000000082800000|  0%| F|  |TAMS 0x0000000082700000, 0x0000000082700000| Untracked 
|  12|0x0000000082800000, 0x0000000082800000, 0x0000000082900000|  0%| F|  |TAMS 0x0000000082800000, 0x0000000082800000| Untracked 
|  13|0x0000000082900000, 0x0000000082900000, 0x0000000082a00000|  0%| F|  |TAMS 0x0000000082900000, 0x0000000082900000| Untracked 
|  14|0x0000000082a00000, 0x0000000082a00000, 0x0000000082b00000|  0%| F|  |TAMS 0x0000000082a00000, 0x0000000082a00000| Untracked 
|  15|0x0000000082b00000, 0x0000000082b00000, 0x0000000082c00000|  0%| F|  |TAMS 0x0000000082b00000, 0x0000000082b00000| Untracked 
|  16|0x0000000082c00000, 0x0000000082c00000, 0x0000000082d00000|  0%| F|  |TAMS 0x0000000082c00000, 0x0000000082c00000| Untracked 
|  17|0x0000000082d00000, 0x0000000082d00000, 0x0000000082e00000|  0%| F|  |TAMS 0x0000000082d00000, 0x0000000082d00000| Untracked 
|  18|0x0000000082e00000, 0x0000000082e00000, 0x0000000082f00000|  0%| F|  |TAMS 0x0000000082e00000, 0x0000000082e00000| Untracked 
|  19|0x0000000082f00000, 0x0000000082f00000, 0x0000000083000000|  0%| F|  |TAMS 0x0000000082f00000, 0x0000000082f00000| Untracked 
|  20|0x0000000083000000, 0x0000000083000000, 0x0000000083100000|  0%| F|  |TAMS 0x0000000083000000, 0x0000000083000000| Untracked 
|  21|0x0000000083100000, 0x0000000083100000, 0x0000000083200000|  0%| F|  |TAMS 0x0000000083100000, 0x0000000083100000| Untracked 
|  22|0x0000000083200000, 0x0000000083200000, 0x0000000083300000|  0%| F|  |TAMS 0x0000000083200000, 0x0000000083200000| Untracked 
|  23|0x0000000083300000, 0x0000000083300000, 0x0000000083400000|  0%| F|  |TAMS 0x0000000083300000, 0x0000000083300000| Untracked 
|  24|0x0000000083400000, 0x0000000083400000, 0x0000000083500000|  0%| F|  |TAMS 0x0000000083400000, 0x0000000083400000| Untracked 
|  25|0x0000000083500000, 0x0000000083500000, 0x0000000083600000|  0%| F|  |TAMS 0x0000000083500000, 0x0000000083500000| Untracked 
|  26|0x0000000083600000, 0x0000000083600000, 0x0000000083700000|  0%| F|  |TAMS 0x0000000083600000, 0x0000000083600000| Untracked 
|  27|0x0000000083700000, 0x0000000083700000, 0x0000000083800000|  0%| F|  |TAMS 0x0000000083700000, 0x0000000083700000| Untracked 
|  28|0x0000000083800000, 0x0000000083800000, 0x0000000083900000|  0%| F|  |TAMS 0x0000000083800000, 0x0000000083800000| Untracked 
|  29|0x0000000083900000, 0x0000000083900000, 0x0000000083a00000|  0%| F|  |TAMS 0x0000000083900000, 0x0000000083900000| Untracked 
|  30|0x0000000083a00000, 0x0000000083a00000, 0x0000000083b00000|  0%| F|  |TAMS 0x0000000083a00000, 0x0000000083a00000| Untracked 
|  31|0x0000000083b00000, 0x0000000083b00000, 0x0000000083c00000|  0%| F|  |TAMS 0x0000000083b00000, 0x0000000083b00000| Untracked 
|  32|0x0000000083c00000, 0x0000000083c00000, 0x0000000083d00000|  0%| F|  |TAMS 0x0000000083c00000, 0x0000000083c00000| Untracked 
|  33|0x0000000083d00000, 0x0000000083d00000, 0x0000000083e00000|  0%| F|  |TAMS 0x0000000083d00000, 0x0000000083d00000| Untracked 
|  34|0x0000000083e00000, 0x0000000083e00000, 0x0000000083f00000|  0%| F|  |TAMS 0x0000000083e00000, 0x0000000083e00000| Untracked 
|  35|0x0000000083f00000, 0x0000000083f00000, 0x0000000084000000|  0%| F|  |TAMS 0x0000000083f00000, 0x0000000083f00000| Untracked 
|  36|0x0000000084000000, 0x0000000084000000, 0x0000000084100000|  0%| F|  |TAMS 0x0000000084000000, 0x0000000084000000| Untracked 
|  37|0x0000000084100000, 0x0000000084100000, 0x0000000084200000|  0%| F|  |TAMS 0x0000000084100000, 0x0000000084100000| Untracked 
|  38|0x0000000084200000, 0x0000000084200000, 0x0000000084300000|  0%| F|  |TAMS 0x0000000084200000, 0x0000000084200000| Untracked 
|  39|0x0000000084300000, 0x0000000084300000, 0x0000000084400000|  0%| F|  |TAMS 0x0000000084300000, 0x0000000084300000| Untracked 
|  40|0x0000000084400000, 0x0000000084400000, 0x0000000084500000|  0%| F|  |TAMS 0x0000000084400000, 0x0000000084400000| Untracked 
|  41|0x0000000084500000, 0x0000000084500000, 0x0000000084600000|  0%| F|  |TAMS 0x0000000084500000, 0x0000000084500000| Untracked 
|  42|0x0000000084600000, 0x0000000084600000, 0x0000000084700000|  0%| F|  |TAMS 0x0000000084600000, 0x0000000084600000| Untracked 
|  43|0x0000000084700000, 0x0000000084700000, 0x0000000084800000|  0%| F|  |TAMS 0x0000000084700000, 0x0000000084700000| Untracked 
|  44|0x0000000084800000, 0x0000000084800000, 0x0000000084900000|  0%| F|  |TAMS 0x0000000084800000, 0x0000000084800000| Untracked 
|  45|0x0000000084900000, 0x0000000084900000, 0x0000000084a00000|  0%| F|  |TAMS 0x0000000084900000, 0x0000000084900000| Untracked 
|  46|0x0000000084a00000, 0x0000000084a00000, 0x0000000084b00000|  0%| F|  |TAMS 0x0000000084a00000, 0x0000000084a00000| Untracked 
|  47|0x0000000084b00000, 0x0000000084b00000, 0x0000000084c00000|  0%| F|  |TAMS 0x0000000084b00000, 0x0000000084b00000| Untracked 
|  48|0x0000000084c00000, 0x0000000084c00000, 0x0000000084d00000|  0%| F|  |TAMS 0x0000000084c00000, 0x0000000084c00000| Untracked 
|  49|0x0000000084d00000, 0x0000000084d00000, 0x0000000084e00000|  0%| F|  |TAMS 0x0000000084d00000, 0x0000000084d00000| Untracked 
|  50|0x0000000084e00000, 0x0000000084e00000, 0x0000000084f00000|  0%| F|  |TAMS 0x0000000084e00000, 0x0000000084e00000| Untracked 
|  51|0x0000000084f00000, 0x0000000084f00000, 0x0000000085000000|  0%| F|  |TAMS 0x0000000084f00000, 0x0000000084f00000| Untracked 
|  52|0x0000000085000000, 0x0000000085000000, 0x0000000085100000|  0%| F|  |TAMS 0x0000000085000000, 0x0000000085000000| Untracked 
|  53|0x0000000085100000, 0x0000000085100000, 0x0000000085200000|  0%| F|  |TAMS 0x0000000085100000, 0x0000000085100000| Untracked 
|  54|0x0000000085200000, 0x0000000085200000, 0x0000000085300000|  0%| F|  |TAMS 0x0000000085200000, 0x0000000085200000| Untracked 
|  55|0x0000000085300000, 0x0000000085300000, 0x0000000085400000|  0%| F|  |TAMS 0x0000000085300000, 0x0000000085300000| Untracked 
|  56|0x0000000085400000, 0x0000000085400000, 0x0000000085500000|  0%| F|  |TAMS 0x0000000085400000, 0x0000000085400000| Untracked 
|  57|0x0000000085500000, 0x0000000085500000, 0x0000000085600000|  0%| F|  |TAMS 0x0000000085500000, 0x0000000085500000| Untracked 
|  58|0x0000000085600000, 0x0000000085600000, 0x0000000085700000|  0%| F|  |TAMS 0x0000000085600000, 0x0000000085600000| Untracked 
|  59|0x0000000085700000, 0x0000000085700000, 0x0000000085800000|  0%| F|  |TAMS 0x0000000085700000, 0x0000000085700000| Untracked 
|  60|0x0000000085800000, 0x0000000085800000, 0x0000000085900000|  0%| F|  |TAMS 0x0000000085800000, 0x0000000085800000| Untracked 
|  61|0x0000000085900000, 0x0000000085900000, 0x0000000085a00000|  0%| F|  |TAMS 0x0000000085900000, 0x0000000085900000| Untracked 
|  62|0x0000000085a00000, 0x0000000085a00000, 0x0000000085b00000|  0%| F|  |TAMS 0x0000000085a00000, 0x0000000085a00000| Untracked 
|  63|0x0000000085b00000, 0x0000000085b00000, 0x0000000085c00000|  0%| F|  |TAMS 0x0000000085b00000, 0x0000000085b00000| Untracked 
|  64|0x0000000085c00000, 0x0000000085c00000, 0x0000000085d00000|  0%| F|  |TAMS 0x0000000085c00000, 0x0000000085c00000| Untracked 
|  65|0x0000000085d00000, 0x0000000085d00000, 0x0000000085e00000|  0%| F|  |TAMS 0x0000000085d00000, 0x0000000085d00000| Untracked 
|  66|0x0000000085e00000, 0x0000000085e00000, 0x0000000085f00000|  0%| F|  |TAMS 0x0000000085e00000, 0x0000000085e00000| Untracked 
|  67|0x0000000085f00000, 0x0000000085f00000, 0x0000000086000000|  0%| F|  |TAMS 0x0000000085f00000, 0x0000000085f00000| Untracked 
|  68|0x0000000086000000, 0x0000000086000000, 0x0000000086100000|  0%| F|  |TAMS 0x0000000086000000, 0x0000000086000000| Untracked 
|  69|0x0000000086100000, 0x0000000086100000, 0x0000000086200000|  0%| F|  |TAMS 0x0000000086100000, 0x0000000086100000| Untracked 
|  70|0x0000000086200000, 0x0000000086200000, 0x0000000086300000|  0%| F|  |TAMS 0x0000000086200000, 0x0000000086200000| Untracked 
|  71|0x0000000086300000, 0x0000000086300000, 0x0000000086400000|  0%| F|  |TAMS 0x0000000086300000, 0x0000000086300000| Untracked 
|  72|0x0000000086400000, 0x0000000086400000, 0x0000000086500000|  0%| F|  |TAMS 0x0000000086400000, 0x0000000086400000| Untracked 
|  73|0x0000000086500000, 0x0000000086500000, 0x0000000086600000|  0%| F|  |TAMS 0x0000000086500000, 0x0000000086500000| Untracked 
|  74|0x0000000086600000, 0x0000000086600000, 0x0000000086700000|  0%| F|  |TAMS 0x0000000086600000, 0x0000000086600000| Untracked 
|  75|0x0000000086700000, 0x0000000086700000, 0x0000000086800000|  0%| F|  |TAMS 0x0000000086700000, 0x0000000086700000| Untracked 
|  76|0x0000000086800000, 0x0000000086800000, 0x0000000086900000|  0%| F|  |TAMS 0x0000000086800000, 0x0000000086800000| Untracked 
|  77|0x0000000086900000, 0x0000000086900000, 0x0000000086a00000|  0%| F|  |TAMS 0x0000000086900000, 0x0000000086900000| Untracked 
|  78|0x0000000086a00000, 0x0000000086a00000, 0x0000000086b00000|  0%| F|  |TAMS 0x0000000086a00000, 0x0000000086a00000| Untracked 
|  79|0x0000000086b00000, 0x0000000086b00000, 0x0000000086c00000|  0%| F|  |TAMS 0x0000000086b00000, 0x0000000086b00000| Untracked 
|  80|0x0000000086c00000, 0x0000000086c00000, 0x0000000086d00000|  0%| F|  |TAMS 0x0000000086c00000, 0x0000000086c00000| Untracked 
|  81|0x0000000086d00000, 0x0000000086d00000, 0x0000000086e00000|  0%| F|  |TAMS 0x0000000086d00000, 0x0000000086d00000| Untracked 
|  82|0x0000000086e00000, 0x0000000086f00000, 0x0000000086f00000|100%| S|CS|TAMS 0x0000000086e00000, 0x0000000086e00000| Complete 
|  83|0x0000000086f00000, 0x0000000087000000, 0x0000000087000000|100%| S|CS|TAMS 0x0000000086f00000, 0x0000000086f00000| Complete 
|  84|0x0000000087000000, 0x0000000087100000, 0x0000000087100000|100%| S|CS|TAMS 0x0000000087000000, 0x0000000087000000| Complete 
|  85|0x0000000087100000, 0x0000000087200000, 0x0000000087200000|100%| S|CS|TAMS 0x0000000087100000, 0x0000000087100000| Complete 
|  86|0x0000000087200000, 0x0000000087300000, 0x0000000087300000|100%| S|CS|TAMS 0x0000000087200000, 0x0000000087200000| Complete 
|  87|0x0000000087300000, 0x0000000087400000, 0x0000000087400000|100%| S|CS|TAMS 0x0000000087300000, 0x0000000087300000| Complete 
|  88|0x0000000087400000, 0x0000000087400000, 0x0000000087500000|  0%| F|  |TAMS 0x0000000087400000, 0x0000000087400000| Untracked 
|  89|0x0000000087500000, 0x0000000087500000, 0x0000000087600000|  0%| F|  |TAMS 0x0000000087500000, 0x0000000087500000| Untracked 
|  90|0x0000000087600000, 0x0000000087600000, 0x0000000087700000|  0%| F|  |TAMS 0x0000000087600000, 0x0000000087600000| Untracked 
|  91|0x0000000087700000, 0x0000000087700000, 0x0000000087800000|  0%| F|  |TAMS 0x0000000087700000, 0x0000000087700000| Untracked 
|  92|0x0000000087800000, 0x0000000087800000, 0x0000000087900000|  0%| F|  |TAMS 0x0000000087800000, 0x0000000087800000| Untracked 
|  93|0x0000000087900000, 0x0000000087900000, 0x0000000087a00000|  0%| F|  |TAMS 0x0000000087900000, 0x0000000087900000| Untracked 
|  94|0x0000000087a00000, 0x0000000087a00000, 0x0000000087b00000|  0%| F|  |TAMS 0x0000000087a00000, 0x0000000087a00000| Untracked 
|  95|0x0000000087b00000, 0x0000000087b00000, 0x0000000087c00000|  0%| F|  |TAMS 0x0000000087b00000, 0x0000000087b00000| Untracked 
|  96|0x0000000087c00000, 0x0000000087c00000, 0x0000000087d00000|  0%| F|  |TAMS 0x0000000087c00000, 0x0000000087c00000| Untracked 
|  97|0x0000000087d00000, 0x0000000087d00000, 0x0000000087e00000|  0%| F|  |TAMS 0x0000000087d00000, 0x0000000087d00000| Untracked 
|  98|0x0000000087e00000, 0x0000000087e00000, 0x0000000087f00000|  0%| F|  |TAMS 0x0000000087e00000, 0x0000000087e00000| Untracked 
|  99|0x0000000087f00000, 0x0000000087f00000, 0x0000000088000000|  0%| F|  |TAMS 0x0000000087f00000, 0x0000000087f00000| Untracked 
| 100|0x0000000088000000, 0x0000000088000000, 0x0000000088100000|  0%| F|  |TAMS 0x0000000088000000, 0x0000000088000000| Untracked 
| 101|0x0000000088100000, 0x0000000088100000, 0x0000000088200000|  0%| F|  |TAMS 0x0000000088100000, 0x0000000088100000| Untracked 
| 102|0x0000000088200000, 0x0000000088200000, 0x0000000088300000|  0%| F|  |TAMS 0x0000000088200000, 0x0000000088200000| Untracked 
| 103|0x0000000088300000, 0x0000000088300000, 0x0000000088400000|  0%| F|  |TAMS 0x0000000088300000, 0x0000000088300000| Untracked 
| 104|0x0000000088400000, 0x0000000088400000, 0x0000000088500000|  0%| F|  |TAMS 0x0000000088400000, 0x0000000088400000| Untracked 
| 105|0x0000000088500000, 0x0000000088500000, 0x0000000088600000|  0%| F|  |TAMS 0x0000000088500000, 0x0000000088500000| Untracked 
| 106|0x0000000088600000, 0x0000000088600000, 0x0000000088700000|  0%| F|  |TAMS 0x0000000088600000, 0x0000000088600000| Untracked 
| 107|0x0000000088700000, 0x0000000088700000, 0x0000000088800000|  0%| F|  |TAMS 0x0000000088700000, 0x0000000088700000| Untracked 
| 108|0x0000000088800000, 0x0000000088800000, 0x0000000088900000|  0%| F|  |TAMS 0x0000000088800000, 0x0000000088800000| Untracked 
| 109|0x0000000088900000, 0x0000000088900000, 0x0000000088a00000|  0%| F|  |TAMS 0x0000000088900000, 0x0000000088900000| Untracked 
| 110|0x0000000088a00000, 0x0000000088a00000, 0x0000000088b00000|  0%| F|  |TAMS 0x0000000088a00000, 0x0000000088a00000| Untracked 
| 111|0x0000000088b00000, 0x0000000088b00000, 0x0000000088c00000|  0%| F|  |TAMS 0x0000000088b00000, 0x0000000088b00000| Untracked 
| 112|0x0000000088c00000, 0x0000000088c00000, 0x0000000088d00000|  0%| F|  |TAMS 0x0000000088c00000, 0x0000000088c00000| Untracked 
| 113|0x0000000088d00000, 0x0000000088d00000, 0x0000000088e00000|  0%| F|  |TAMS 0x0000000088d00000, 0x0000000088d00000| Untracked 
| 114|0x0000000088e00000, 0x0000000088e00000, 0x0000000088f00000|  0%| F|  |TAMS 0x0000000088e00000, 0x0000000088e00000| Untracked 
| 115|0x0000000088f00000, 0x0000000088f00000, 0x0000000089000000|  0%| F|  |TAMS 0x0000000088f00000, 0x0000000088f00000| Untracked 
| 116|0x0000000089000000, 0x0000000089000000, 0x0000000089100000|  0%| F|  |TAMS 0x0000000089000000, 0x0000000089000000| Untracked 
| 117|0x0000000089100000, 0x0000000089100000, 0x0000000089200000|  0%| F|  |TAMS 0x0000000089100000, 0x0000000089100000| Untracked 
| 118|0x0000000089200000, 0x0000000089200000, 0x0000000089300000|  0%| F|  |TAMS 0x0000000089200000, 0x0000000089200000| Untracked 
| 119|0x0000000089300000, 0x0000000089300000, 0x0000000089400000|  0%| F|  |TAMS 0x0000000089300000, 0x0000000089300000| Untracked 
| 120|0x0000000089400000, 0x0000000089400000, 0x0000000089500000|  0%| F|  |TAMS 0x0000000089400000, 0x0000000089400000| Untracked 
| 121|0x0000000089500000, 0x0000000089500000, 0x0000000089600000|  0%| F|  |TAMS 0x0000000089500000, 0x0000000089500000| Untracked 
| 122|0x0000000089600000, 0x0000000089600000, 0x0000000089700000|  0%| F|  |TAMS 0x0000000089600000, 0x0000000089600000| Untracked 
| 123|0x0000000089700000, 0x0000000089780800, 0x0000000089800000| 50%| E|  |TAMS 0x0000000089700000, 0x0000000089700000| Complete 
| 124|0x0000000089800000, 0x0000000089900000, 0x0000000089900000|100%| E|CS|TAMS 0x0000000089800000, 0x0000000089800000| Complete 
| 125|0x0000000089900000, 0x0000000089a00000, 0x0000000089a00000|100%| E|CS|TAMS 0x0000000089900000, 0x0000000089900000| Complete 
| 126|0x0000000089a00000, 0x0000000089b00000, 0x0000000089b00000|100%| E|CS|TAMS 0x0000000089a00000, 0x0000000089a00000| Complete 
| 127|0x0000000089b00000, 0x0000000089c00000, 0x0000000089c00000|100%| E|CS|TAMS 0x0000000089b00000, 0x0000000089b00000| Complete 

Card table byte_map: [0x00000264f8b20000,0x00000264f8f20000] _byte_map_base: 0x00000264f8712000

Marking Bits (Prev, Next): (CMBitMap*) 0x00000264e3454b40, (CMBitMap*) 0x00000264e3454b08
 Prev Bits: [0x00000264fb2b0000, 0x00000264fd240000)
 Next Bits: [0x00000264f9320000, 0x00000264fb2b0000)

Polling page: 0x00000264e34f0000

Metaspace:

Usage:
  Non-class:     18.57 MB capacity,    18.29 MB ( 98%) used,   248.30 KB (  1%) free+waste,    39.63 KB ( <1%) overhead. 
      Class:      3.02 MB capacity,     2.87 MB ( 95%) used,   137.23 KB (  4%) free+waste,    19.63 KB ( <1%) overhead. 
       Both:     21.60 MB capacity,    21.16 MB ( 98%) used,   385.52 KB (  2%) free+waste,    59.25 KB ( <1%) overhead. 

Virtual space:
  Non-class space:       20.00 MB reserved,      18.67 MB ( 93%) committed 
      Class space:        1.00 GB reserved,       3.13 MB ( <1%) committed 
             Both:        1.02 GB reserved,      21.80 MB (  2%) committed 

Chunk freelists:
   Non-Class:  102.00 KB
       Class:  8.00 KB
        Both:  110.00 KB

MaxMetaspaceSize: 17179869184.00 GB
CompressedClassSpaceSize: 1.00 GB

CodeHeap 'non-profiled nmethods': size=120000Kb used=866Kb max_used=866Kb free=119134Kb
 bounds [0x00000264f0790000, 0x00000264f0a00000, 0x00000264f7cc0000]
CodeHeap 'profiled nmethods': size=120000Kb used=4164Kb max_used=4164Kb free=115835Kb
 bounds [0x00000264e9260000, 0x00000264e9680000, 0x00000264f0790000]
CodeHeap 'non-nmethods': size=5760Kb used=1186Kb max_used=1196Kb free=4573Kb
 bounds [0x00000264e8cc0000, 0x00000264e8f30000, 0x00000264e9260000]
 total_blobs=3410 nmethods=2106 adapters=444
 compilation: enabled
              stopped_count=0, restarted_count=0
 full_count=0

Compilation events (20 events):
Event: 3.289 Thread 0x00000264ffcf5800 2101       1       org.hibernate.validator.internal.metadata.aggregated.ExecutableMetaData::getKind (5 bytes)
Event: 3.289 Thread 0x00000264ffcf5800 nmethod 2101 0x00000264f0867310 code [0x00000264f08674c0, 0x00000264f08675f8]
Event: 3.289 Thread 0x00000264ffcf5800 2098       1       org.hibernate.validator.internal.metadata.aggregated.MetaDataBuilder::getContainerElementConstraints (5 bytes)
Event: 3.289 Thread 0x00000264ffcf5800 nmethod 2098 0x00000264f0867690 code [0x00000264f0867840, 0x00000264f0867978]
Event: 3.289 Thread 0x00000264ffcf5800 2084       3       org.hibernate.validator.internal.metadata.aggregated.MetaDataBuilder::adaptConstraints (2 bytes)
Event: 3.290 Thread 0x00000264ffcf5800 nmethod 2084 0x00000264e966ec90 code [0x00000264e966ee40, 0x00000264e966efb8]
Event: 3.290 Thread 0x00000264ffcf5800 2102       1       org.hibernate.validator.internal.metadata.aggregated.AbstractConstraintMetaData::isConstrained (5 bytes)
Event: 3.290 Thread 0x00000264ffcf5800 nmethod 2102 0x00000264f0867a10 code [0x00000264f0867bc0, 0x00000264f0867cf8]
Event: 3.290 Thread 0x00000264ffcf5800 2100       1       org.hibernate.validator.internal.engine.ConstraintCreationContext::getValueExtractorManager (5 bytes)
Event: 3.290 Thread 0x00000264ffcf5800 nmethod 2100 0x00000264f0867d90 code [0x00000264f0867f40, 0x00000264f0868078]
Event: 3.290 Thread 0x00000264ffcf5800 2103       3       java.lang.Exception::<init> (7 bytes)
Event: 3.290 Thread 0x00000264ffcf5800 nmethod 2103 0x00000264e966f090 code [0x00000264e966f240, 0x00000264e966f3f0]
Event: 3.290 Thread 0x00000264ffcf5800 2104       3       java.lang.Throwable::<init> (39 bytes)
Event: 3.291 Thread 0x00000264ffcf5800 nmethod 2104 0x00000264e966f490 code [0x00000264e966f680, 0x00000264e966fe50]
Event: 3.291 Thread 0x00000264ffcf5800 2105       3       java.lang.ReflectiveOperationException::<init> (7 bytes)
Event: 3.291 Thread 0x00000264ffcf5800 nmethod 2105 0x00000264e966ff90 code [0x00000264e9670160, 0x00000264e9670370]
Event: 3.292 Thread 0x0000026481e31800 nmethod 2083 0x00000264f0868110 code [0x00000264f08682a0, 0x00000264f0868698]
Event: 3.300 Thread 0x0000026481e31800 2106       4       java.net.URLStreamHandler::parseURL (1201 bytes)
Event: 3.300 Thread 0x00000264ffcf5800 2107       3       java.util.concurrent.ConcurrentHashMap::resizeStamp (8 bytes)
Event: 3.300 Thread 0x00000264ffcf5800 nmethod 2107 0x00000264e9670490 code [0x00000264e9670640, 0x00000264e96707b0]

GC Heap History (6 events):
Event: 0.568 GC heap before
{Heap before GC invocations=0 (full 0):
 garbage-first heap   total 131072K, used 24576K [0x0000000081c00000, 0x0000000100000000)
  region size 1024K, 24 young (24576K), 0 survivors (0K)
 Metaspace       used 1764K, capacity 5036K, committed 5120K, reserved 1056768K
  class space    used 171K, capacity 486K, committed 512K, reserved 1048576K
}
Event: 0.583 GC heap after
{Heap after GC invocations=1 (full 0):
 garbage-first heap   total 131072K, used 5388K [0x0000000081c00000, 0x0000000100000000)
  region size 1024K, 3 young (3072K), 3 survivors (3072K)
 Metaspace       used 1764K, capacity 5036K, committed 5120K, reserved 1056768K
  class space    used 171K, capacity 486K, committed 512K, reserved 1048576K
}
Event: 2.630 GC heap before
{Heap before GC invocations=1 (full 0):
 garbage-first heap   total 131072K, used 79116K [0x0000000081c00000, 0x0000000100000000)
  region size 1024K, 76 young (77824K), 3 survivors (3072K)
 Metaspace       used 14686K, capacity 15292K, committed 15488K, reserved 1062912K
  class space    used 1927K, capacity 2063K, committed 2176K, reserved 1048576K
}
Event: 2.642 GC heap after
{Heap after GC invocations=2 (full 0):
 garbage-first heap   total 131072K, used 9831K [0x0000000081c00000, 0x0000000100000000)
  region size 1024K, 8 young (8192K), 8 survivors (8192K)
 Metaspace       used 14686K, capacity 15292K, committed 15488K, reserved 1062912K
  class space    used 1927K, capacity 2063K, committed 2176K, reserved 1048576K
}
Event: 3.314 GC heap before
{Heap before GC invocations=2 (full 0):
 garbage-first heap   total 131072K, used 49767K [0x0000000081c00000, 0x0000000100000000)
  region size 1024K, 48 young (49152K), 8 survivors (8192K)
 Metaspace       used 20735K, capacity 21111K, committed 21296K, reserved 1067008K
  class space    used 2728K, capacity 2868K, committed 2944K, reserved 1048576K
}
Event: 3.325 GC heap after
{Heap after GC invocations=3 (full 0):
 garbage-first heap   total 131072K, used 11640K [0x0000000081c00000, 0x0000000100000000)
  region size 1024K, 6 young (6144K), 6 survivors (6144K)
 Metaspace       used 20735K, capacity 21111K, committed 21296K, reserved 1067008K
  class space    used 2728K, capacity 2868K, committed 2944K, reserved 1048576K
}

Deoptimization events (20 events):
Event: 1.786 Thread 0x00000264e3413800 Uncommon trap: trap_request=0xffffff4d fr.pc=0x00000264f07b64bc relative=0x000000000000009c
Event: 1.786 Thread 0x00000264e3413800 Uncommon trap: reason=unstable_if action=reinterpret pc=0x00000264f07b64bc method=java.util.HashMap.hash(Ljava/lang/Object;)I @ 1 c2
Event: 1.786 Thread 0x00000264e3413800 DEOPT PACKING pc=0x00000264f07b64bc sp=0x00000078a2afd770
Event: 1.786 Thread 0x00000264e3413800 DEOPT UNPACKING pc=0x00000264e8ce922f sp=0x00000078a2afd708 mode 2
Event: 1.984 Thread 0x00000264e3413800 DEOPT PACKING pc=0x00000264e944a070 sp=0x00000078a2afd210
Event: 1.984 Thread 0x00000264e3413800 DEOPT UNPACKING pc=0x00000264e8ce904e sp=0x00000078a2afc698 mode 0
Event: 2.078 Thread 0x00000264e3413800 Uncommon trap: trap_request=0xffffffc6 fr.pc=0x00000264f081a3b4 relative=0x0000000000000674
Event: 2.078 Thread 0x00000264e3413800 Uncommon trap: reason=bimorphic_or_optimized_type_check action=maybe_recompile pc=0x00000264f081a3b4 method=java.util.regex.Pattern$BmpCharProperty.match(Ljava/util/regex/Matcher;ILjava/lang/CharSequence;)Z @ 36 c2
Event: 2.078 Thread 0x00000264e3413800 DEOPT PACKING pc=0x00000264f081a3b4 sp=0x00000078a2afde30
Event: 2.078 Thread 0x00000264e3413800 DEOPT UNPACKING pc=0x00000264e8ce922f sp=0x00000078a2afdde8 mode 2
Event: 2.078 Thread 0x00000264e3413800 Uncommon trap: trap_request=0xffffffc6 fr.pc=0x00000264f081a3b4 relative=0x0000000000000674
Event: 2.078 Thread 0x00000264e3413800 Uncommon trap: reason=bimorphic_or_optimized_type_check action=maybe_recompile pc=0x00000264f081a3b4 method=java.util.regex.Pattern$BmpCharProperty.match(Ljava/util/regex/Matcher;ILjava/lang/CharSequence;)Z @ 36 c2
Event: 2.078 Thread 0x00000264e3413800 DEOPT PACKING pc=0x00000264f081a3b4 sp=0x00000078a2afda20
Event: 2.078 Thread 0x00000264e3413800 DEOPT UNPACKING pc=0x00000264e8ce922f sp=0x00000078a2afd9d8 mode 2
Event: 2.078 Thread 0x00000264e3413800 Uncommon trap: trap_request=0xffffff4d fr.pc=0x00000264f081a350 relative=0x0000000000000610
Event: 2.078 Thread 0x00000264e3413800 Uncommon trap: reason=unstable_if action=reinterpret pc=0x00000264f081a350 method=java.util.regex.Pattern$BmpCharProperty.match(Ljava/util/regex/Matcher;ILjava/lang/CharSequence;)Z @ 5 c2
Event: 2.078 Thread 0x00000264e3413800 DEOPT PACKING pc=0x00000264f081a350 sp=0x00000078a2afd590
Event: 2.078 Thread 0x00000264e3413800 DEOPT UNPACKING pc=0x00000264e8ce922f sp=0x00000078a2afd558 mode 2
Event: 2.907 Thread 0x00000264e3413800 DEOPT PACKING pc=0x00000264e944a070 sp=0x00000078a2afd870
Event: 2.907 Thread 0x00000264e3413800 DEOPT UNPACKING pc=0x00000264e8ce904e sp=0x00000078a2afccf8 mode 0

Classes redefined (0 events):
No events

Internal exceptions (18 events):
Event: 0.861 Thread 0x00000264e3413800 Exception <a 'java/lang/ClassNotFoundException'{0x0000000087ce0d40}: javax/smartcardio/CardPermission> (0x0000000087ce0d40) thrown at [c:/BuildAgent/work/5ff2f6c26000d570/src/hotspot/share/classfile/systemDictionary.cpp, line 231]
Event: 0.866 Thread 0x00000264e3413800 Exception <a 'java/io/FileNotFoundException'{0x0000000087cf0750}> (0x0000000087cf0750) thrown at [c:/BuildAgent/work/5ff2f6c26000d570/src/hotspot/share/prims/jni.cpp, line 615]
Event: 0.972 Thread 0x00000264e3413800 Exception <a 'java/lang/NoSuchMethodError'{0x0000000087956900}: 'org.slf4j.impl.StaticMDCBinder org.slf4j.impl.StaticMDCBinder.getSingleton()'> (0x0000000087956900) thrown at [c:/BuildAgent/work/5ff2f6c26000d570/src/hotspot/share/interpreter/linkResolver.
Event: 1.392 Thread 0x00000264e3413800 Exception <a 'java/lang/NoSuchMethodError'{0x0000000086a98000}: 'java.lang.Object java.lang.invoke.DirectMethodHandle$Holder.invokeStaticInit(java.lang.Object, int, int, int, int)'> (0x0000000086a98000) thrown at [c:/BuildAgent/work/5ff2f6c26000d570/src/h
Event: 1.718 Thread 0x00000264e3413800 Exception <a 'java/lang/NoSuchMethodError'{0x0000000086afe1b8}: 'java.lang.Object java.lang.invoke.DirectMethodHandle$Holder.invokeStaticInit(java.lang.Object, java.lang.Object, int, int, int, int)'> (0x0000000086afe1b8) thrown at [c:/BuildAgent/work/5ff2
Event: 1.785 Thread 0x00000264e3413800 Implicit null exception at 0x00000264f07e9908 to 0x00000264f07e999a
Event: 1.786 Thread 0x00000264e3413800 Implicit null exception at 0x00000264f07b642f to 0x00000264f07b64ad
Event: 1.950 Thread 0x00000264e3413800 Exception <a 'java/lang/NoSuchMethodError'{0x00000000864993c0}: 'java.lang.Object java.lang.invoke.DirectMethodHandle$Holder.invokeStatic(java.lang.Object, java.lang.Object, java.lang.Object, java.lang.Object, java.lang.Object, java.lang.Object, java.lang
Event: 1.952 Thread 0x00000264e3413800 Exception <a 'java/lang/NoSuchMethodError'{0x00000000864a7120}: 'java.lang.Object java.lang.invoke.DirectMethodHandle$Holder.invokeStatic(java.lang.Object, java.lang.Object, java.lang.Object, java.lang.Object, java.lang.Object, java.lang.Object, java.lang
Event: 1.954 Thread 0x00000264e3413800 Exception <a 'java/lang/NoSuchMethodError'{0x00000000864b4d90}: 'java.lang.Object java.lang.invoke.DirectMethodHandle$Holder.invokeSpecial(java.lang.Object, java.lang.Object, int, int, java.lang.Object, java.lang.Object, java.lang.Object)'> (0x00000000864
Event: 1.957 Thread 0x00000264e3413800 Exception <a 'java/lang/NoSuchMethodError'{0x00000000864b8320}: 'java.lang.Object java.lang.invoke.DelegatingMethodHandle$Holder.reinvoke_L(java.lang.Object, int, int, java.lang.Object, java.lang.Object, java.lang.Object)'> (0x00000000864b8320) thrown at 
Event: 1.960 Thread 0x00000264e3413800 Exception <a 'java/lang/NoSuchMethodError'{0x00000000864bc6a8}: 'java.lang.Object java.lang.invoke.DirectMethodHandle$Holder.invokeStatic(java.lang.Object, java.lang.Object, java.lang.Object, java.lang.Object, int)'> (0x00000000864bc6a8) thrown at [c:/Bui
Event: 2.063 Thread 0x00000264e3413800 Exception <a 'java/lang/NoSuchMethodError'{0x000000008612f748}: 'int java.lang.invoke.DirectMethodHandle$Holder.invokeSpecialIFC(java.lang.Object, java.lang.Object, int)'> (0x000000008612f748) thrown at [c:/BuildAgent/work/5ff2f6c26000d570/src/hotspot/sha
Event: 2.087 Thread 0x00000264e3413800 Exception <a 'java/lang/NoSuchMethodError'{0x00000000861c5f78}: 'java.lang.Object java.lang.invoke.DirectMethodHandle$Holder.invokeVirtual(java.lang.Object, java.lang.Object, java.lang.Object)'> (0x00000000861c5f78) thrown at [c:/BuildAgent/work/5ff2f6c26
Event: 2.094 Thread 0x00000264e3413800 Exception <a 'java/lang/NoSuchMethodError'{0x00000000861e90e0}: 'void java.lang.invoke.DirectMethodHandle$Holder.invokeSpecial(java.lang.Object, java.lang.Object, java.lang.Object, java.lang.Object)'> (0x00000000861e90e0) thrown at [c:/BuildAgent/work/5ff
Event: 2.504 Thread 0x00000264e3413800 Exception <a 'java/lang/NoSuchMethodError'{0x0000000085442d60}: 'void java.lang.invoke.DirectMethodHandle$Holder.invokeStaticInit(java.lang.Object, java.lang.Object)'> (0x0000000085442d60) thrown at [c:/BuildAgent/work/5ff2f6c26000d570/src/hotspot/share/i
Event: 2.805 Thread 0x00000264e3413800 Exception <a 'java/lang/NoSuchMethodError'{0x0000000089440508}: 'java.lang.Object java.lang.invoke.DirectMethodHandle$Holder.newInvokeSpecial(java.lang.Object, java.lang.Object, int, java.lang.Object, java.lang.Object)'> (0x0000000089440508) thrown at [c:
Event: 3.254 Thread 0x00000264e3413800 Exception <a 'java/lang/NoSuchMethodError'{0x000000008774ebd8}: 'java.lang.Object java.lang.invoke.DirectMethodHandle$Holder.invokeSpecialIFC(java.lang.Object, java.lang.Object, java.lang.Object, java.lang.Object)'> (0x000000008774ebd8) thrown at [c:/Buil

Events (20 events):
Event: 3.335 Executing VM operation: CGC_Operation
Event: 3.335 Executing VM operation: CGC_Operation done
Event: 3.335 loading class org/hibernate/persister/entity/AbstractEntityPersister$InclusionChecker
Event: 3.335 loading class org/hibernate/persister/entity/AbstractEntityPersister$InclusionChecker done
Event: 3.336 loading class org/hibernate/persister/entity/AbstractEntityPersister$CacheEntryHelper
Event: 3.336 loading class org/hibernate/persister/entity/AbstractEntityPersister$CacheEntryHelper done
Event: 3.336 loading class org/hibernate/persister/entity/DiscriminatorMetadata
Event: 3.336 loading class org/hibernate/persister/entity/DiscriminatorMetadata done
Event: 3.336 loading class org/hibernate/sql/Insert
Event: 3.336 loading class org/hibernate/sql/Insert done
Event: 3.336 loading class org/hibernate/id/insert/IdentifierGeneratingInsert
Event: 3.336 loading class org/hibernate/id/insert/IdentifierGeneratingInsert done
Event: 3.337 loading class org/hibernate/persister/walking/spi/AttributeDefinition
Event: 3.337 loading class org/hibernate/persister/walking/spi/AttributeDefinition done
Event: 3.339 loading class org/hibernate/internal/FilterAliasGenerator
Event: 3.339 loading class org/hibernate/internal/FilterAliasGenerator done
Event: 3.340 loading class org/hibernate/internal/CoreMessageLogger_$logger_pl_PL
Event: 3.340 loading class org/hibernate/internal/CoreMessageLogger_$logger_pl_PL done
Event: 3.340 loading class org/hibernate/internal/CoreMessageLogger_$logger_pl
Event: 3.340 loading class org/hibernate/internal/CoreMessageLogger_$logger_pl done


Dynamic libraries:
0x00007ff79be20000 - 0x00007ff79be2a000 	C:\Program Files\JetBrains\IntelliJ IDEA Community Edition 2019.3.2\jbr\bin\java.exe
0x00007ffa26450000 - 0x00007ffa26645000 	C:\WINDOWS\SYSTEM32\ntdll.dll
0x00007ffa24e20000 - 0x00007ffa24edd000 	C:\WINDOWS\System32\KERNEL32.DLL
0x00007ffa241f0000 - 0x00007ffa244b7000 	C:\WINDOWS\System32\KERNELBASE.dll
0x00007ffa23f70000 - 0x00007ffa24070000 	C:\WINDOWS\System32\ucrtbase.dll
0x00007ffa17230000 - 0x00007ffa17247000 	C:\Program Files\JetBrains\IntelliJ IDEA Community Edition 2019.3.2\jbr\bin\VCRUNTIME140.dll
0x00007ffa16680000 - 0x00007ffa16699000 	C:\Program Files\JetBrains\IntelliJ IDEA Community Edition 2019.3.2\jbr\bin\jli.dll
0x00007ffa250a0000 - 0x00007ffa25240000 	C:\WINDOWS\System32\USER32.dll
0x00007ffa23c80000 - 0x00007ffa23ca2000 	C:\WINDOWS\System32\win32u.dll
0x00007ffa0b0b0000 - 0x00007ffa0b34a000 	C:\WINDOWS\WinSxS\amd64_microsoft.windows.common-controls_6595b64144ccf1df_6.0.19041.1_none_b555e41d4684ddec\COMCTL32.dll
0x00007ffa25f20000 - 0x00007ffa25fbe000 	C:\WINDOWS\System32\msvcrt.dll
0x00007ffa25ef0000 - 0x00007ffa25f1a000 	C:\WINDOWS\System32\GDI32.dll
0x00007ffa23e60000 - 0x00007ffa23f6a000 	C:\WINDOWS\System32\gdi32full.dll
0x00007ffa24150000 - 0x00007ffa241ed000 	C:\WINDOWS\System32\msvcp_win.dll
0x00007ffa25ec0000 - 0x00007ffa25ef0000 	C:\WINDOWS\System32\IMM32.DLL
0x00007ff9ed890000 - 0x00007ff9ed92d000 	C:\Program Files\JetBrains\IntelliJ IDEA Community Edition 2019.3.2\jbr\bin\msvcp140.dll
0x00007ff9c7c30000 - 0x00007ff9c86eb000 	C:\Program Files\JetBrains\IntelliJ IDEA Community Edition 2019.3.2\jbr\bin\server\jvm.dll
0x00007ffa25250000 - 0x00007ffa252fa000 	C:\WINDOWS\System32\ADVAPI32.dll
0x00007ffa24640000 - 0x00007ffa246db000 	C:\WINDOWS\System32\sechost.dll
0x00007ffa24f70000 - 0x00007ffa25093000 	C:\WINDOWS\System32\RPCRT4.dll
0x00007ffa25240000 - 0x00007ffa25248000 	C:\WINDOWS\System32\PSAPI.DLL
0x00007ffa0d580000 - 0x00007ffa0d58a000 	C:\WINDOWS\SYSTEM32\VERSION.dll
0x00007ffa0f550000 - 0x00007ffa0f559000 	C:\WINDOWS\SYSTEM32\WSOCK32.dll
0x00007ffa15d20000 - 0x00007ffa15d47000 	C:\WINDOWS\SYSTEM32\WINMM.dll
0x00007ffa24f00000 - 0x00007ffa24f6b000 	C:\WINDOWS\System32\WS2_32.dll
0x00007ffa22500000 - 0x00007ffa22513000 	C:\WINDOWS\SYSTEM32\kernel.appcore.dll
0x00007ffa1dd50000 - 0x00007ffa1dd61000 	C:\Program Files\JetBrains\IntelliJ IDEA Community Edition 2019.3.2\jbr\bin\verify.dll
0x00007ffa21a10000 - 0x00007ffa21bf4000 	C:\WINDOWS\SYSTEM32\DBGHELP.DLL
0x00007ffa0dbc0000 - 0x00007ffa0dbec000 	C:\WINDOWS\SYSTEM32\dbgcore.DLL
0x00007ffa24070000 - 0x00007ffa240ef000 	C:\WINDOWS\System32\bcryptPrimitives.dll
0x00007ffa1c360000 - 0x00007ffa1c389000 	C:\Program Files\JetBrains\IntelliJ IDEA Community Edition 2019.3.2\jbr\bin\java.dll
0x00007ffa1dbd0000 - 0x00007ffa1dbdf000 	C:\Program Files\JetBrains\IntelliJ IDEA Community Edition 2019.3.2\jbr\bin\instrument.dll
0x00007ffa1c340000 - 0x00007ffa1c357000 	C:\Program Files\JetBrains\IntelliJ IDEA Community Edition 2019.3.2\jbr\bin\zip.dll
0x00007ffa1dd40000 - 0x00007ffa1dd4b000 	C:\Program Files\JetBrains\IntelliJ IDEA Community Edition 2019.3.2\jbr\bin\jimage.dll
0x00007ffa25300000 - 0x00007ffa25a40000 	C:\WINDOWS\System32\SHELL32.dll
0x00007ffa21d00000 - 0x00007ffa22491000 	C:\WINDOWS\SYSTEM32\windows.storage.dll
0x00007ffa25fc0000 - 0x00007ffa26313000 	C:\WINDOWS\System32\combase.dll
0x00007ffa23620000 - 0x00007ffa2364c000 	C:\WINDOWS\SYSTEM32\Wldp.dll
0x00007ffa24d70000 - 0x00007ffa24e1e000 	C:\WINDOWS\System32\SHCORE.dll
0x00007ffa25e60000 - 0x00007ffa25eb5000 	C:\WINDOWS\System32\shlwapi.dll
0x00007ffa23ae0000 - 0x00007ffa23aff000 	C:\WINDOWS\SYSTEM32\profapi.dll
0x00007ffa1c320000 - 0x00007ffa1c33a000 	C:\Program Files\JetBrains\IntelliJ IDEA Community Edition 2019.3.2\jbr\bin\net.dll
0x00007ffa16eb0000 - 0x00007ffa16fb0000 	C:\WINDOWS\SYSTEM32\WINHTTP.dll
0x00007ffa233a0000 - 0x00007ffa2340a000 	C:\WINDOWS\system32\mswsock.dll
0x00007ffa19820000 - 0x00007ffa19834000 	C:\Program Files\JetBrains\IntelliJ IDEA Community Edition 2019.3.2\jbr\bin\nio.dll
0x00007ffa1cc20000 - 0x00007ffa1cc3a000 	C:\Program Files\JetBrains\IntelliJ IDEA Community Edition 2019.3.2\bin\breakgen64.dll
0x00007ffa23570000 - 0x00007ffa23588000 	C:\WINDOWS\SYSTEM32\CRYPTSP.dll
0x00007ffa22cc0000 - 0x00007ffa22cf4000 	C:\WINDOWS\system32\rsaenh.dll
0x00007ffa23c50000 - 0x00007ffa23c77000 	C:\WINDOWS\System32\bcrypt.dll
0x00007ffa23a60000 - 0x00007ffa23a8e000 	C:\WINDOWS\SYSTEM32\USERENV.dll
0x00007ffa23590000 - 0x00007ffa2359c000 	C:\WINDOWS\SYSTEM32\CRYPTBASE.dll
0x00007ffa23040000 - 0x00007ffa2307b000 	C:\WINDOWS\SYSTEM32\IPHLPAPI.DLL
0x00007ffa25e50000 - 0x00007ffa25e59000 	C:\WINDOWS\System32\NSI.dll
0x00007ffa1a520000 - 0x00007ffa1a537000 	C:\WINDOWS\SYSTEM32\dhcpcsvc6.DLL
0x00007ffa1a940000 - 0x00007ffa1a95d000 	C:\WINDOWS\SYSTEM32\dhcpcsvc.DLL
0x00007ffa23080000 - 0x00007ffa2314a000 	C:\WINDOWS\SYSTEM32\DNSAPI.dll
0x00007ffa18200000 - 0x00007ffa1820a000 	C:\Windows\System32\rasadhlp.dll
0x00007ffa16e20000 - 0x00007ffa16e9f000 	C:\WINDOWS\System32\fwpuclnt.dll

dbghelp: loaded successfully - version: 4.0.5 - missing functions: none
symbol engine: initialized successfully - sym options: 0x614 - pdb path: .;C:\Program Files\JetBrains\IntelliJ IDEA Community Edition 2019.3.2\jbr\bin;C:\WINDOWS\SYSTEM32;C:\WINDOWS\WinSxS\amd64_microsoft.windows.common-controls_6595b64144ccf1df_6.0.19041.1_none_b555e41d4684ddec;C:\Program Files\JetBrains\IntelliJ IDEA Community Edition 2019.3.2\jbr\bin\server;C:\Program Files\JetBrains\IntelliJ IDEA Community Edition 2019.3.2\bin

VM Arguments:
jvm_args: -javaagent:C:\Program Files\JetBrains\IntelliJ IDEA Community Edition 2019.3.2\lib\idea_rt.jar=59877:C:\Program Files\JetBrains\IntelliJ IDEA Community Edition 2019.3.2\bin -Dfile.encoding=UTF-8 
java_command: io.mbab.sda.groupproject.Application
java_class_path (initial): C:\Users\jmier\IdeaProjects\sda-group-project\target\classes;C:\Users\jmier\.m2\repository\org\springframework\boot\spring-boot-starter-data-jpa\2.3.3.RELEASE\spring-boot-starter-data-jpa-2.3.3.RELEASE.jar;C:\Users\jmier\.m2\repository\org\springframework\boot\spring-boot-starter-aop\2.3.3.RELEASE\spring-boot-starter-aop-2.3.3.RELEASE.jar;C:\Users\jmier\.m2\repository\org\springframework\spring-aop\5.2.8.RELEASE\spring-aop-5.2.8.RELEASE.jar;C:\Users\jmier\.m2\repository\org\aspectj\aspectjweaver\1.9.6\aspectjweaver-1.9.6.jar;C:\Users\jmier\.m2\repository\org\springframework\boot\spring-boot-starter-jdbc\2.3.3.RELEASE\spring-boot-starter-jdbc-2.3.3.RELEASE.jar;C:\Users\jmier\.m2\repository\com\zaxxer\HikariCP\3.4.5\HikariCP-3.4.5.jar;C:\Users\jmier\.m2\repository\org\springframework\spring-jdbc\5.2.8.RELEASE\spring-jdbc-5.2.8.RELEASE.jar;C:\Users\jmier\.m2\repository\jakarta\transaction\jakarta.transaction-api\1.3.3\jakarta.transaction-api-1.3.3.jar;C:\Users\jmier\.m2\repository\jakarta\persistence\jakarta.persistence-api\2.2.3\jakarta.persistence-api-2.2.3.jar;C:\Users\jmier\.m2\repository\org\hibernate\hibernate-core\5.4.20.Final\hibernate-core-5.4.20.Final.jar;C:\Users\jmier\.m2\repository\org\jboss\logging\jboss-logging\3.4.1.Final\jboss-logging-3.4.1.Final.jar;C:\Users\jmier\.m2\repository\org\javassist\javassist\3.24.0-GA\javassist-3.24.0-GA.jar;C:\Users\jmier\.m2\repository\net\bytebuddy\byte-buddy\1.10.14\byte-buddy-1.10.14.jar;C:\Users\jmier\.m2\repository\antlr\antlr\2.7.7\antlr-2.7.7.jar;C:\Users\jmier\.m2\repository\org\jboss\jandex\2.1.3.Final\jandex-2.1.3.Final.jar;C:\Users\jmier\.m2\repository\com\fasterxml\classmate\1.5.1\classmate-1.5.1.jar;C:\Users\jmier\.m2\repository\org\dom4j\dom4j\2.1.3\dom4j-2.1.3.jar;C:\Users\jmier\.m2\repository\org\hibernate\common\hibernate-commons-annotations\5.1.0.Final\hibernate-commons-annotations-5.1.0.Final.jar;C:\Users\jmier\.m2\repository\org\glassfish\jaxb\jaxb-runtime\2.3.3\jaxb-runtim
Launcher Type: SUN_STANDARD

[Global flags]
     intx CICompilerCount                          = 4                                         {product} {ergonomic}
     uint ConcGCThreads                            = 2                                         {product} {ergonomic}
     uint G1ConcRefinementThreads                  = 8                                         {product} {ergonomic}
   size_t G1HeapRegionSize                         = 1048576                                   {product} {ergonomic}
    uintx GCDrainStackTargetSize                   = 64                                        {product} {ergonomic}
   size_t InitialHeapSize                          = 134217728                                 {product} {ergonomic}
   size_t MarkStackSize                            = 4194304                                   {product} {ergonomic}
   size_t MaxHeapSize                              = 2118123520                                {product} {ergonomic}
   size_t MaxNewSize                               = 1270874112                                {product} {ergonomic}
   size_t MinHeapDeltaBytes                        = 1048576                                   {product} {ergonomic}
    uintx NonNMethodCodeHeapSize                   = 5836300                                {pd product} {ergonomic}
    uintx NonProfiledCodeHeapSize                  = 122910970                              {pd product} {ergonomic}
    uintx ProfiledCodeHeapSize                     = 122910970                              {pd product} {ergonomic}
    uintx ReservedCodeCacheSize                    = 251658240                              {pd product} {ergonomic}
     bool SegmentedCodeCache                       = true                                      {product} {ergonomic}
     bool UseCompressedClassPointers               = true                                 {lp64_product} {ergonomic}
     bool UseCompressedOops                        = true                                 {lp64_product} {ergonomic}
     bool UseG1GC                                  = true                                      {product} {ergonomic}
     bool UseLargePagesIndividualAllocation        = false                                  {pd product} {ergonomic}

Logging:
Log output configuration:
 #0: stdout all=warning uptime,level,tags
 #1: stderr all=off uptime,level,tags

Environment Variables:
JAVA_HOME=C:\Program Files\AdoptOpenJDK\jdk-11.0.6.10-hotspot\
PATH=C:\Program Files\AdoptOpenJDK\jdk-11.0.6.10-hotspot\bin;C:\PROGRA~2\Borland\CBUILD~1\Bin;C:\PROGRA~2\Borland\CBUILD~1\Projects\Bpl;C:\Program Files (x86)\Intel\iCLS Client\;C:\Program Files\Intel\iCLS Client\;C:\WINDOWS\system32;C:\WINDOWS;C:\WINDOWS\System32\Wbem;C:\WINDOWS\System32\WindowsPowerShell\v1.0\;C:\Program Files (x86)\Intel\Intel(R) Management Engine Components\DAL;C:\Program Files\Intel\Intel(R) Management Engine Components\DAL;C:\Program Files (x86)\Intel\Intel(R) Management Engine Components\IPT;C:\Program Files\Intel\Intel(R) Management Engine Components\IPT;C:\WINDOWS\System32\OpenSSH\;C:\Program Files\Intel\WiFi\bin\;C:\Program Files\Common Files\Intel\WirelessCommon\;C:\Program Files\Git\cmd;C:\Users\jmier\Desktop\Java\apache-maven-3.6.3\bin;C:\Program Files (x86)\Microsoft SQL Server\150\DTS\Binn\;C:\Program Files\Microsoft SQL Server\Client SDK\ODBC\170\Tools\Binn\;C:\Program Files (x86)\Microsoft SQL Server\150\Tools\Binn\;C:\Program Files\Microsoft SQL Server\150\Tools\Binn\;C:\Program Files\Microsoft SQL Server\150\DTS\Binn\;C:\Program Files\MySQL\MySQL Shell 8.0\bin\;C:\Users\jmier\AppData\Local\Microsoft\WindowsApps;C:\Users\jmier\Desktop\Java\apache-maven-3.6.3\bin;
USERNAME=jmier
OS=Windows_NT
PROCESSOR_IDENTIFIER=Intel64 Family 6 Model 142 Stepping 10, GenuineIntel



---------------  S Y S T E M  ---------------

OS: Windows 10 , 64 bit Build 19041 (10.0.19041.292)

CPU:total 8 (initial active 8) (4 cores per cpu, 2 threads per core) family 6 model 142 stepping 10, cmov, cx8, fxsr, mmx, sse, sse2, sse3, ssse3, sse4.1, sse4.2, popcnt, avx, avx2, aes, clmul, erms, 3dnowpref, lzcnt, ht, tsc, tscinvbit, bmi1, bmi2, adx, fma

Memory: 4k page, system-wide physical 8078M (920M free)
TotalPageFile size 12174M (AvailPageFile size 3M)
current process WorkingSet (physical memory assigned to process): 196M, peak: 196M
current process commit charge ("private bytes"): 268M, peak: 268M

vm_info: OpenJDK 64-Bit Server VM (11.0.5+10-b520.30) for windows-amd64 JRE (11.0.5+10-b520.30), built on Dec 24 2019 12:06:09 by "" with MS VC++ 14.0 (VS2015)

END.
