#
# There is insufficient memory for the Java Runtime Environment to continue.
# Native memory allocation (malloc) failed to allocate 262160 bytes for Chunk::new
# Possible reasons:
#   The system is out of physical RAM or swap space
#   The process is running with CompressedOops enabled, and the Java Heap may be blocking the growth of the native heap
# Possible solutions:
#   Reduce memory load on the system
#   Increase physical memory or swap space
#   Check if swap backing store is full
#   Decrease Java heap size (-Xmx/-Xms)
#   Decrease number of Java threads
#   Decrease Java thread stack sizes (-Xss)
#   Set larger code cache with -XX:ReservedCodeCacheSize=
#   JVM is running with Unscaled Compressed Oops mode in which the Java heap is
#     placed in the first 4GB address space. The Java Heap base address is the
#     maximum limit for the native heap growth. Please use -XX:HeapBaseMinAddress
#     to set the Java Heap base and to place the Java Heap above 4GB virtual address.
# This output file may be truncated or incomplete.
#
#  Out of Memory Error (c:/BuildAgent/work/5ff2f6c26000d570/src/hotspot/share/memory/arena.cpp:197), pid=12620, tid=3636
#
# JRE version: OpenJDK Runtime Environment (11.0.5+10) (build 11.0.5+10-b520.30)
# Java VM: OpenJDK 64-Bit Server VM (11.0.5+10-b520.30, mixed mode, sharing, tiered, compressed oops, g1 gc, windows-amd64)
# No core dump will be written. Minidumps are not enabled by default on client versions of Windows
#

---------------  S U M M A R Y ------------

Command Line: -javaagent:C:\Program Files\JetBrains\IntelliJ IDEA Community Edition 2019.3.2\lib\idea_rt.jar=51661:C:\Program Files\JetBrains\IntelliJ IDEA Community Edition 2019.3.2\bin -Dfile.encoding=UTF-8 io.mbab.sda.groupproject.Application

Host: Intel(R) Core(TM) i5-8250U CPU @ 1.60GHz, 8 cores, 7G,  Windows 10 , 64 bit Build 19041 (10.0.19041.292)
Time: Sun Sep  6 12:22:12 2020 Œrodkowoeuropejski czas letni elapsed time: 1 seconds (0d 0h 0m 1s)

---------------  T H R E A D  ---------------

Current thread (0x0000027d7a5fd000):  JavaThread "C2 CompilerThread0" daemon [_thread_in_native, id=3636, stack(0x0000009fc0800000,0x0000009fc0900000)]


Current CompileTask:
C2:   1559 1500   !   4       java.net.URL::<init> (543 bytes)

Stack: [0x0000009fc0800000,0x0000009fc0900000]
Native frames: (J=compiled Java code, j=interpreted, Vv=VM code, C=native code)
V  [jvm.dll+0x5dcafa]
V  [jvm.dll+0x70e375]
V  [jvm.dll+0x70f898]
V  [jvm.dll+0x70ff63]
V  [jvm.dll+0x23e238]
V  [jvm.dll+0xb8a9c]
V  [jvm.dll+0xb8fac]
V  [jvm.dll+0xb8ba8]
V  [jvm.dll+0x5bd2d0]
V  [jvm.dll+0x183b04]
V  [jvm.dll+0x352488]
V  [jvm.dll+0x350f31]
V  [jvm.dll+0x350a45]
V  [jvm.dll+0x609ff3]
V  [jvm.dll+0x608e8d]
V  [jvm.dll+0x1f8845]
V  [jvm.dll+0x1f6a1f]
V  [jvm.dll+0x17f6fc]
V  [jvm.dll+0x204f77]
V  [jvm.dll+0x2037f1]
V  [jvm.dll+0x6d835f]
V  [jvm.dll+0x6d114d]
V  [jvm.dll+0x5dbdd6]
C  [ucrtbase.dll+0x21542]
C  [KERNEL32.DLL+0x16fd4]
C  [ntdll.dll+0x4cec1]


---------------  P R O C E S S  ---------------

Threads class SMR info:
_java_thread_list=0x0000027d7b2b8210, length=13, elements={
0x0000027d6ecaa800, 0x0000027d7a5da000, 0x0000027d7a5db800, 0x0000027d7a5fa800,
0x0000027d7a5fb800, 0x0000027d7a5fd000, 0x0000027d7a601800, 0x0000027d7a607000,
0x0000027d7b03d800, 0x0000027d7b0ee800, 0x0000027d7b27b800, 0x0000027d7b27c800,
0x0000027d7b2dc800
}

Java Threads: ( => current thread )
  0x0000027d6ecaa800 JavaThread "main" [_thread_in_vm, id=20932, stack(0x0000009fbfd00000,0x0000009fbfe00000)]
  0x0000027d7a5da000 JavaThread "Reference Handler" daemon [_thread_blocked, id=11196, stack(0x0000009fc0400000,0x0000009fc0500000)]
  0x0000027d7a5db800 JavaThread "Finalizer" daemon [_thread_blocked, id=7824, stack(0x0000009fc0500000,0x0000009fc0600000)]
  0x0000027d7a5fa800 JavaThread "Signal Dispatcher" daemon [_thread_blocked, id=2892, stack(0x0000009fc0600000,0x0000009fc0700000)]
  0x0000027d7a5fb800 JavaThread "Attach Listener" daemon [_thread_blocked, id=23240, stack(0x0000009fc0700000,0x0000009fc0800000)]
=>0x0000027d7a5fd000 JavaThread "C2 CompilerThread0" daemon [_thread_in_native, id=3636, stack(0x0000009fc0800000,0x0000009fc0900000)]
  0x0000027d7a601800 JavaThread "C1 CompilerThread0" daemon [_thread_in_vm, id=15744, stack(0x0000009fc0900000,0x0000009fc0a00000)]
  0x0000027d7a607000 JavaThread "Sweeper thread" daemon [_thread_blocked, id=22220, stack(0x0000009fc0a00000,0x0000009fc0b00000)]
  0x0000027d7b03d800 JavaThread "Common-Cleaner" daemon [_thread_blocked, id=15172, stack(0x0000009fc0b00000,0x0000009fc0c00000)]
  0x0000027d7b0ee800 JavaThread "C2 CompilerThread1" daemon [_thread_in_native, id=14700, stack(0x0000009fc0c00000,0x0000009fc0d00000)]
  0x0000027d7b27b800 JavaThread "Monitor Ctrl-Break" daemon [_thread_in_native, id=6432, stack(0x0000009fc0d00000,0x0000009fc0e00000)]
  0x0000027d7b27c800 JavaThread "Service Thread" daemon [_thread_blocked, id=19640, stack(0x0000009fc0e00000,0x0000009fc0f00000)]
  0x0000027d7b2dc800 JavaThread "mysql-cj-abandoned-connection-cleanup" daemon [_thread_blocked, id=3748, stack(0x0000009fc1000000,0x0000009fc1100000)]

Other Threads:
  0x0000027d7a5d6000 VMThread "VM Thread" [stack: 0x0000009fc0300000,0x0000009fc0400000] [id=2068]
  0x0000027d7b28a000 WatcherThread [stack: 0x0000009fc0f00000,0x0000009fc1000000] [id=21356]
  0x0000027d6ecc1800 GCTaskThread "GC Thread#0" [stack: 0x0000009fbfe00000,0x0000009fbff00000] [id=14860]
  0x0000027d7b564000 GCTaskThread "GC Thread#1" [stack: 0x0000009fc1100000,0x0000009fc1200000] [id=17364]
  0x0000027d7b70f800 GCTaskThread "GC Thread#2" [stack: 0x0000009fc1200000,0x0000009fc1300000] [id=2956]
  0x0000027d6ecf5800 ConcurrentGCThread "G1 Main Marker" [stack: 0x0000009fbff00000,0x0000009fc0000000] [id=12056]
  0x0000027d6ecf7800 ConcurrentGCThread "G1 Conc#0" [stack: 0x0000009fc0000000,0x0000009fc0100000] [id=15304]
  0x0000027d6ed86800 ConcurrentGCThread "G1 Refine#0" [stack: 0x0000009fc0100000,0x0000009fc0200000] [id=13232]
  0x0000027d7a470800 ConcurrentGCThread "G1 Young RemSet Sampling" [stack: 0x0000009fc0200000,0x0000009fc0300000] [id=20400]

Threads with active compile tasks:
C2 CompilerThread0   1585 1500   !   4       java.net.URL::<init> (543 bytes)
C1 CompilerThread0   1585 1570       1       java.util.Collections$EmptyEnumeration::hasMoreElements (2 bytes)
C2 CompilerThread1   1585 1497       4       java.io.DataOutputStream::writeUTF (435 bytes)

VM state:not at safepoint (normal execution)

VM Mutex/Monitor currently owned by a thread: None

Heap address: 0x0000000081c00000, size: 2020 MB, Compressed Oops mode: 32-bit
Narrow klass base: 0x0000000800000000, Narrow klass shift: 3
Compressed class space size: 1073741824 Address: 0x0000000840000000

Heap:
 garbage-first heap   total 131072K, used 64816K [0x0000000081c00000, 0x0000000100000000)
  region size 1024K, 65 young (66560K), 3 survivors (3072K)
 Metaspace       used 14588K, capacity 15339K, committed 15360K, reserved 1064960K
  class space    used 1931K, capacity 2032K, committed 2048K, reserved 1048576K
Heap Regions: E=young(eden), S=young(survivor), O=old, HS=humongous(starts), HC=humongous(continues), CS=collection set, F=free, A=archive, TAMS=top-at-mark-start (previous, next)
|   0|0x0000000081c00000, 0x0000000081d00000, 0x0000000081d00000|100%|HS|  |TAMS 0x0000000081c00000, 0x0000000081c00000| Complete 
|   1|0x0000000081d00000, 0x0000000081d00000, 0x0000000081e00000|  0%| F|  |TAMS 0x0000000081d00000, 0x0000000081d00000| Untracked 
|   2|0x0000000081e00000, 0x0000000081e00000, 0x0000000081f00000|  0%| F|  |TAMS 0x0000000081e00000, 0x0000000081e00000| Untracked 
|   3|0x0000000081f00000, 0x0000000081f00000, 0x0000000082000000|  0%| F|  |TAMS 0x0000000081f00000, 0x0000000081f00000| Untracked 
|   4|0x0000000082000000, 0x0000000082000000, 0x0000000082100000|  0%| F|  |TAMS 0x0000000082000000, 0x0000000082000000| Untracked 
|   5|0x0000000082100000, 0x0000000082100000, 0x0000000082200000|  0%| F|  |TAMS 0x0000000082100000, 0x0000000082100000| Untracked 
|   6|0x0000000082200000, 0x0000000082200000, 0x0000000082300000|  0%| F|  |TAMS 0x0000000082200000, 0x0000000082200000| Untracked 
|   7|0x0000000082300000, 0x0000000082300000, 0x0000000082400000|  0%| F|  |TAMS 0x0000000082300000, 0x0000000082300000| Untracked 
|   8|0x0000000082400000, 0x0000000082400000, 0x0000000082500000|  0%| F|  |TAMS 0x0000000082400000, 0x0000000082400000| Untracked 
|   9|0x0000000082500000, 0x0000000082500000, 0x0000000082600000|  0%| F|  |TAMS 0x0000000082500000, 0x0000000082500000| Untracked 
|  10|0x0000000082600000, 0x0000000082600000, 0x0000000082700000|  0%| F|  |TAMS 0x0000000082600000, 0x0000000082600000| Untracked 
|  11|0x0000000082700000, 0x0000000082700000, 0x0000000082800000|  0%| F|  |TAMS 0x0000000082700000, 0x0000000082700000| Untracked 
|  12|0x0000000082800000, 0x0000000082800000, 0x0000000082900000|  0%| F|  |TAMS 0x0000000082800000, 0x0000000082800000| Untracked 
|  13|0x0000000082900000, 0x0000000082900000, 0x0000000082a00000|  0%| F|  |TAMS 0x0000000082900000, 0x0000000082900000| Untracked 
|  14|0x0000000082a00000, 0x0000000082a00000, 0x0000000082b00000|  0%| F|  |TAMS 0x0000000082a00000, 0x0000000082a00000| Untracked 
|  15|0x0000000082b00000, 0x0000000082b00000, 0x0000000082c00000|  0%| F|  |TAMS 0x0000000082b00000, 0x0000000082b00000| Untracked 
|  16|0x0000000082c00000, 0x0000000082c00000, 0x0000000082d00000|  0%| F|  |TAMS 0x0000000082c00000, 0x0000000082c00000| Untracked 
|  17|0x0000000082d00000, 0x0000000082d00000, 0x0000000082e00000|  0%| F|  |TAMS 0x0000000082d00000, 0x0000000082d00000| Untracked 
|  18|0x0000000082e00000, 0x0000000082e00000, 0x0000000082f00000|  0%| F|  |TAMS 0x0000000082e00000, 0x0000000082e00000| Untracked 
|  19|0x0000000082f00000, 0x0000000082f00000, 0x0000000083000000|  0%| F|  |TAMS 0x0000000082f00000, 0x0000000082f00000| Untracked 
|  20|0x0000000083000000, 0x0000000083000000, 0x0000000083100000|  0%| F|  |TAMS 0x0000000083000000, 0x0000000083000000| Untracked 
|  21|0x0000000083100000, 0x0000000083100000, 0x0000000083200000|  0%| F|  |TAMS 0x0000000083100000, 0x0000000083100000| Untracked 
|  22|0x0000000083200000, 0x0000000083200000, 0x0000000083300000|  0%| F|  |TAMS 0x0000000083200000, 0x0000000083200000| Untracked 
|  23|0x0000000083300000, 0x0000000083300000, 0x0000000083400000|  0%| F|  |TAMS 0x0000000083300000, 0x0000000083300000| Untracked 
|  24|0x0000000083400000, 0x0000000083400000, 0x0000000083500000|  0%| F|  |TAMS 0x0000000083400000, 0x0000000083400000| Untracked 
|  25|0x0000000083500000, 0x0000000083500000, 0x0000000083600000|  0%| F|  |TAMS 0x0000000083500000, 0x0000000083500000| Untracked 
|  26|0x0000000083600000, 0x0000000083600000, 0x0000000083700000|  0%| F|  |TAMS 0x0000000083600000, 0x0000000083600000| Untracked 
|  27|0x0000000083700000, 0x0000000083700000, 0x0000000083800000|  0%| F|  |TAMS 0x0000000083700000, 0x0000000083700000| Untracked 
|  28|0x0000000083800000, 0x0000000083800000, 0x0000000083900000|  0%| F|  |TAMS 0x0000000083800000, 0x0000000083800000| Untracked 
|  29|0x0000000083900000, 0x0000000083900000, 0x0000000083a00000|  0%| F|  |TAMS 0x0000000083900000, 0x0000000083900000| Untracked 
|  30|0x0000000083a00000, 0x0000000083a00000, 0x0000000083b00000|  0%| F|  |TAMS 0x0000000083a00000, 0x0000000083a00000| Untracked 
|  31|0x0000000083b00000, 0x0000000083b00000, 0x0000000083c00000|  0%| F|  |TAMS 0x0000000083b00000, 0x0000000083b00000| Untracked 
|  32|0x0000000083c00000, 0x0000000083c00000, 0x0000000083d00000|  0%| F|  |TAMS 0x0000000083c00000, 0x0000000083c00000| Untracked 
|  33|0x0000000083d00000, 0x0000000083d00000, 0x0000000083e00000|  0%| F|  |TAMS 0x0000000083d00000, 0x0000000083d00000| Untracked 
|  34|0x0000000083e00000, 0x0000000083e00000, 0x0000000083f00000|  0%| F|  |TAMS 0x0000000083e00000, 0x0000000083e00000| Untracked 
|  35|0x0000000083f00000, 0x0000000083f00000, 0x0000000084000000|  0%| F|  |TAMS 0x0000000083f00000, 0x0000000083f00000| Untracked 
|  36|0x0000000084000000, 0x0000000084000000, 0x0000000084100000|  0%| F|  |TAMS 0x0000000084000000, 0x0000000084000000| Untracked 
|  37|0x0000000084100000, 0x0000000084100000, 0x0000000084200000|  0%| F|  |TAMS 0x0000000084100000, 0x0000000084100000| Untracked 
|  38|0x0000000084200000, 0x0000000084200000, 0x0000000084300000|  0%| F|  |TAMS 0x0000000084200000, 0x0000000084200000| Untracked 
|  39|0x0000000084300000, 0x0000000084300000, 0x0000000084400000|  0%| F|  |TAMS 0x0000000084300000, 0x0000000084300000| Untracked 
|  40|0x0000000084400000, 0x0000000084400000, 0x0000000084500000|  0%| F|  |TAMS 0x0000000084400000, 0x0000000084400000| Untracked 
|  41|0x0000000084500000, 0x0000000084500000, 0x0000000084600000|  0%| F|  |TAMS 0x0000000084500000, 0x0000000084500000| Untracked 
|  42|0x0000000084600000, 0x0000000084600000, 0x0000000084700000|  0%| F|  |TAMS 0x0000000084600000, 0x0000000084600000| Untracked 
|  43|0x0000000084700000, 0x0000000084700000, 0x0000000084800000|  0%| F|  |TAMS 0x0000000084700000, 0x0000000084700000| Untracked 
|  44|0x0000000084800000, 0x0000000084800000, 0x0000000084900000|  0%| F|  |TAMS 0x0000000084800000, 0x0000000084800000| Untracked 
|  45|0x0000000084900000, 0x0000000084900000, 0x0000000084a00000|  0%| F|  |TAMS 0x0000000084900000, 0x0000000084900000| Untracked 
|  46|0x0000000084a00000, 0x0000000084a00000, 0x0000000084b00000|  0%| F|  |TAMS 0x0000000084a00000, 0x0000000084a00000| Untracked 
|  47|0x0000000084b00000, 0x0000000084b00000, 0x0000000084c00000|  0%| F|  |TAMS 0x0000000084b00000, 0x0000000084b00000| Untracked 
|  48|0x0000000084c00000, 0x0000000084c00000, 0x0000000084d00000|  0%| F|  |TAMS 0x0000000084c00000, 0x0000000084c00000| Untracked 
|  49|0x0000000084d00000, 0x0000000084d00000, 0x0000000084e00000|  0%| F|  |TAMS 0x0000000084d00000, 0x0000000084d00000| Untracked 
|  50|0x0000000084e00000, 0x0000000084e00000, 0x0000000084f00000|  0%| F|  |TAMS 0x0000000084e00000, 0x0000000084e00000| Untracked 
|  51|0x0000000084f00000, 0x0000000084f00000, 0x0000000085000000|  0%| F|  |TAMS 0x0000000084f00000, 0x0000000084f00000| Untracked 
|  52|0x0000000085000000, 0x0000000085000000, 0x0000000085100000|  0%| F|  |TAMS 0x0000000085000000, 0x0000000085000000| Untracked 
|  53|0x0000000085100000, 0x0000000085100000, 0x0000000085200000|  0%| F|  |TAMS 0x0000000085100000, 0x0000000085100000| Untracked 
|  54|0x0000000085200000, 0x0000000085200000, 0x0000000085300000|  0%| F|  |TAMS 0x0000000085200000, 0x0000000085200000| Untracked 
|  55|0x0000000085300000, 0x0000000085300000, 0x0000000085400000|  0%| F|  |TAMS 0x0000000085300000, 0x0000000085300000| Untracked 
|  56|0x0000000085400000, 0x0000000085400000, 0x0000000085500000|  0%| F|  |TAMS 0x0000000085400000, 0x0000000085400000| Untracked 
|  57|0x0000000085500000, 0x0000000085500000, 0x0000000085600000|  0%| F|  |TAMS 0x0000000085500000, 0x0000000085500000| Untracked 
|  58|0x0000000085600000, 0x0000000085600000, 0x0000000085700000|  0%| F|  |TAMS 0x0000000085600000, 0x0000000085600000| Untracked 
|  59|0x0000000085700000, 0x0000000085700000, 0x0000000085800000|  0%| F|  |TAMS 0x0000000085700000, 0x0000000085700000| Untracked 
|  60|0x0000000085800000, 0x0000000085800000, 0x0000000085900000|  0%| F|  |TAMS 0x0000000085800000, 0x0000000085800000| Untracked 
|  61|0x0000000085900000, 0x0000000085900000, 0x0000000085a00000|  0%| F|  |TAMS 0x0000000085900000, 0x0000000085900000| Untracked 
|  62|0x0000000085a00000, 0x0000000085a00000, 0x0000000085b00000|  0%| F|  |TAMS 0x0000000085a00000, 0x0000000085a00000| Untracked 
|  63|0x0000000085b00000, 0x0000000085c00000, 0x0000000085c00000|100%| E|  |TAMS 0x0000000085b00000, 0x0000000085b00000| Complete 
|  64|0x0000000085c00000, 0x0000000085d00000, 0x0000000085d00000|100%| E|CS|TAMS 0x0000000085c00000, 0x0000000085c00000| Complete 
|  65|0x0000000085d00000, 0x0000000085e00000, 0x0000000085e00000|100%| E|CS|TAMS 0x0000000085d00000, 0x0000000085d00000| Complete 
|  66|0x0000000085e00000, 0x0000000085f00000, 0x0000000085f00000|100%| E|CS|TAMS 0x0000000085e00000, 0x0000000085e00000| Complete 
|  67|0x0000000085f00000, 0x0000000086000000, 0x0000000086000000|100%| E|CS|TAMS 0x0000000085f00000, 0x0000000085f00000| Complete 
|  68|0x0000000086000000, 0x0000000086100000, 0x0000000086100000|100%| E|CS|TAMS 0x0000000086000000, 0x0000000086000000| Complete 
|  69|0x0000000086100000, 0x0000000086200000, 0x0000000086200000|100%| E|CS|TAMS 0x0000000086100000, 0x0000000086100000| Complete 
|  70|0x0000000086200000, 0x0000000086300000, 0x0000000086300000|100%| E|CS|TAMS 0x0000000086200000, 0x0000000086200000| Complete 
|  71|0x0000000086300000, 0x0000000086400000, 0x0000000086400000|100%| E|CS|TAMS 0x0000000086300000, 0x0000000086300000| Complete 
|  72|0x0000000086400000, 0x0000000086500000, 0x0000000086500000|100%| E|CS|TAMS 0x0000000086400000, 0x0000000086400000| Complete 
|  73|0x0000000086500000, 0x0000000086600000, 0x0000000086600000|100%| E|CS|TAMS 0x0000000086500000, 0x0000000086500000| Complete 
|  74|0x0000000086600000, 0x0000000086700000, 0x0000000086700000|100%| E|CS|TAMS 0x0000000086600000, 0x0000000086600000| Complete 
|  75|0x0000000086700000, 0x0000000086800000, 0x0000000086800000|100%| E|CS|TAMS 0x0000000086700000, 0x0000000086700000| Complete 
|  76|0x0000000086800000, 0x0000000086900000, 0x0000000086900000|100%| E|CS|TAMS 0x0000000086800000, 0x0000000086800000| Complete 
|  77|0x0000000086900000, 0x0000000086a00000, 0x0000000086a00000|100%| E|CS|TAMS 0x0000000086900000, 0x0000000086900000| Complete 
|  78|0x0000000086a00000, 0x0000000086b00000, 0x0000000086b00000|100%| E|CS|TAMS 0x0000000086a00000, 0x0000000086a00000| Complete 
|  79|0x0000000086b00000, 0x0000000086c00000, 0x0000000086c00000|100%| E|CS|TAMS 0x0000000086b00000, 0x0000000086b00000| Complete 
|  80|0x0000000086c00000, 0x0000000086d00000, 0x0000000086d00000|100%| E|CS|TAMS 0x0000000086c00000, 0x0000000086c00000| Complete 
|  81|0x0000000086d00000, 0x0000000086e00000, 0x0000000086e00000|100%| E|CS|TAMS 0x0000000086d00000, 0x0000000086d00000| Complete 
|  82|0x0000000086e00000, 0x0000000086f00000, 0x0000000086f00000|100%| E|CS|TAMS 0x0000000086e00000, 0x0000000086e00000| Complete 
|  83|0x0000000086f00000, 0x0000000087000000, 0x0000000087000000|100%| E|CS|TAMS 0x0000000086f00000, 0x0000000086f00000| Complete 
|  84|0x0000000087000000, 0x0000000087100000, 0x0000000087100000|100%| E|CS|TAMS 0x0000000087000000, 0x0000000087000000| Complete 
|  85|0x0000000087100000, 0x0000000087200000, 0x0000000087200000|100%| E|CS|TAMS 0x0000000087100000, 0x0000000087100000| Complete 
|  86|0x0000000087200000, 0x0000000087300000, 0x0000000087300000|100%| E|CS|TAMS 0x0000000087200000, 0x0000000087200000| Complete 
|  87|0x0000000087300000, 0x0000000087400000, 0x0000000087400000|100%| E|CS|TAMS 0x0000000087300000, 0x0000000087300000| Complete 
|  88|0x0000000087400000, 0x0000000087500000, 0x0000000087500000|100%| E|CS|TAMS 0x0000000087400000, 0x0000000087400000| Complete 
|  89|0x0000000087500000, 0x0000000087600000, 0x0000000087600000|100%| E|CS|TAMS 0x0000000087500000, 0x0000000087500000| Complete 
|  90|0x0000000087600000, 0x0000000087700000, 0x0000000087700000|100%| E|CS|TAMS 0x0000000087600000, 0x0000000087600000| Complete 
|  91|0x0000000087700000, 0x0000000087800000, 0x0000000087800000|100%| E|CS|TAMS 0x0000000087700000, 0x0000000087700000| Complete 
|  92|0x0000000087800000, 0x0000000087900000, 0x0000000087900000|100%| E|CS|TAMS 0x0000000087800000, 0x0000000087800000| Complete 
|  93|0x0000000087900000, 0x0000000087a00000, 0x0000000087a00000|100%| E|CS|TAMS 0x0000000087900000, 0x0000000087900000| Complete 
|  94|0x0000000087a00000, 0x0000000087b00000, 0x0000000087b00000|100%| E|CS|TAMS 0x0000000087a00000, 0x0000000087a00000| Complete 
|  95|0x0000000087b00000, 0x0000000087c00000, 0x0000000087c00000|100%| E|CS|TAMS 0x0000000087b00000, 0x0000000087b00000| Complete 
|  96|0x0000000087c00000, 0x0000000087d00000, 0x0000000087d00000|100%| E|CS|TAMS 0x0000000087c00000, 0x0000000087c00000| Complete 
|  97|0x0000000087d00000, 0x0000000087e00000, 0x0000000087e00000|100%| E|CS|TAMS 0x0000000087d00000, 0x0000000087d00000| Complete 
|  98|0x0000000087e00000, 0x0000000087f00000, 0x0000000087f00000|100%| E|CS|TAMS 0x0000000087e00000, 0x0000000087e00000| Complete 
|  99|0x0000000087f00000, 0x0000000088000000, 0x0000000088000000|100%| E|CS|TAMS 0x0000000087f00000, 0x0000000087f00000| Complete 
| 100|0x0000000088000000, 0x0000000088100000, 0x0000000088100000|100%| E|CS|TAMS 0x0000000088000000, 0x0000000088000000| Complete 
| 101|0x0000000088100000, 0x000000008814c2b0, 0x0000000088200000| 29%| S|CS|TAMS 0x0000000088100000, 0x0000000088100000| Complete 
| 102|0x0000000088200000, 0x0000000088300000, 0x0000000088300000|100%| S|CS|TAMS 0x0000000088200000, 0x0000000088200000| Complete 
| 103|0x0000000088300000, 0x0000000088400000, 0x0000000088400000|100%| S|CS|TAMS 0x0000000088300000, 0x0000000088300000| Complete 
| 104|0x0000000088400000, 0x0000000088500000, 0x0000000088500000|100%| E|CS|TAMS 0x0000000088400000, 0x0000000088400000| Complete 
| 105|0x0000000088500000, 0x0000000088600000, 0x0000000088600000|100%| E|CS|TAMS 0x0000000088500000, 0x0000000088500000| Complete 
| 106|0x0000000088600000, 0x0000000088700000, 0x0000000088700000|100%| E|CS|TAMS 0x0000000088600000, 0x0000000088600000| Complete 
| 107|0x0000000088700000, 0x0000000088800000, 0x0000000088800000|100%| E|CS|TAMS 0x0000000088700000, 0x0000000088700000| Complete 
| 108|0x0000000088800000, 0x0000000088900000, 0x0000000088900000|100%| E|CS|TAMS 0x0000000088800000, 0x0000000088800000| Complete 
| 109|0x0000000088900000, 0x0000000088a00000, 0x0000000088a00000|100%| E|CS|TAMS 0x0000000088900000, 0x0000000088900000| Complete 
| 110|0x0000000088a00000, 0x0000000088b00000, 0x0000000088b00000|100%| E|  |TAMS 0x0000000088a00000, 0x0000000088a00000| Complete 
| 111|0x0000000088b00000, 0x0000000088c00000, 0x0000000088c00000|100%| E|CS|TAMS 0x0000000088b00000, 0x0000000088b00000| Complete 
| 112|0x0000000088c00000, 0x0000000088d00000, 0x0000000088d00000|100%| E|CS|TAMS 0x0000000088c00000, 0x0000000088c00000| Complete 
| 113|0x0000000088d00000, 0x0000000088e00000, 0x0000000088e00000|100%| E|CS|TAMS 0x0000000088d00000, 0x0000000088d00000| Complete 
| 114|0x0000000088e00000, 0x0000000088f00000, 0x0000000088f00000|100%| E|CS|TAMS 0x0000000088e00000, 0x0000000088e00000| Complete 
| 115|0x0000000088f00000, 0x0000000089000000, 0x0000000089000000|100%| E|CS|TAMS 0x0000000088f00000, 0x0000000088f00000| Complete 
| 116|0x0000000089000000, 0x0000000089100000, 0x0000000089100000|100%| E|CS|TAMS 0x0000000089000000, 0x0000000089000000| Complete 
| 117|0x0000000089100000, 0x0000000089200000, 0x0000000089200000|100%| E|CS|TAMS 0x0000000089100000, 0x0000000089100000| Complete 
| 118|0x0000000089200000, 0x0000000089300000, 0x0000000089300000|100%| E|CS|TAMS 0x0000000089200000, 0x0000000089200000| Complete 
| 119|0x0000000089300000, 0x0000000089400000, 0x0000000089400000|100%| E|CS|TAMS 0x0000000089300000, 0x0000000089300000| Complete 
| 120|0x0000000089400000, 0x0000000089500000, 0x0000000089500000|100%| E|CS|TAMS 0x0000000089400000, 0x0000000089400000| Complete 
| 121|0x0000000089500000, 0x0000000089600000, 0x0000000089600000|100%| E|CS|TAMS 0x0000000089500000, 0x0000000089500000| Complete 
| 122|0x0000000089600000, 0x0000000089700000, 0x0000000089700000|100%| E|CS|TAMS 0x0000000089600000, 0x0000000089600000| Complete 
| 123|0x0000000089700000, 0x0000000089800000, 0x0000000089800000|100%| E|CS|TAMS 0x0000000089700000, 0x0000000089700000| Complete 
| 124|0x0000000089800000, 0x0000000089900000, 0x0000000089900000|100%| E|CS|TAMS 0x0000000089800000, 0x0000000089800000| Complete 
| 125|0x0000000089900000, 0x0000000089a00000, 0x0000000089a00000|100%| E|CS|TAMS 0x0000000089900000, 0x0000000089900000| Complete 
| 126|0x0000000089a00000, 0x0000000089b00000, 0x0000000089b00000|100%| E|CS|TAMS 0x0000000089a00000, 0x0000000089a00000| Complete 
| 127|0x0000000089b00000, 0x0000000089c00000, 0x0000000089c00000|100%| E|CS|TAMS 0x0000000089b00000, 0x0000000089b00000| Complete 

Card table byte_map: [0x0000027d734c0000,0x0000027d738c0000] _byte_map_base: 0x0000027d730b2000

Marking Bits (Prev, Next): (CMBitMap*) 0x0000027d6ececbe8, (CMBitMap*) 0x0000027d6ececc20
 Prev Bits: [0x0000027d73cc0000, 0x0000027d75c50000)
 Next Bits: [0x0000027d75c50000, 0x0000027d77be0000)

Polling page: 0x0000027d6e490000

Metaspace:

Usage:
  Non-class:     13.06 MB capacity,    12.48 MB ( 96%) used,   565.41 KB (  4%) free+waste,    30.38 KB ( <1%) overhead. 
      Class:      2.02 MB capacity,     1.90 MB ( 94%) used,   107.10 KB (  5%) free+waste,    15.38 KB ( <1%) overhead. 
       Both:     15.07 MB capacity,    14.37 MB ( 95%) used,   672.52 KB (  4%) free+waste,    45.75 KB ( <1%) overhead. 

Virtual space:
  Non-class space:       16.00 MB reserved,      13.25 MB ( 83%) committed 
      Class space:        1.00 GB reserved,       2.13 MB ( <1%) committed 
             Both:        1.02 GB reserved,      15.38 MB (  1%) committed 

Chunk freelists:
   Non-Class:  5.00 KB
       Class:  16.00 KB
        Both:  21.00 KB

MaxMetaspaceSize: 17179869184.00 GB
CompressedClassSpaceSize: 1.00 GB

CodeHeap 'non-profiled nmethods': size=120000Kb used=599Kb max_used=599Kb free=119400Kb
 bounds [0x0000027d07ad0000, 0x0000027d07d40000, 0x0000027d0f000000]
CodeHeap 'profiled nmethods': size=120000Kb used=3070Kb max_used=3070Kb free=116929Kb
 bounds [0x0000027d005a0000, 0x0000027d008a0000, 0x0000027d07ad0000]
CodeHeap 'non-nmethods': size=5760Kb used=1161Kb max_used=1172Kb free=4598Kb
 bounds [0x0000027d00000000, 0x0000027d00270000, 0x0000027d005a0000]
 total_blobs=2709 nmethods=1566 adapters=408
 compilation: enabled
              stopped_count=0, restarted_count=0
 full_count=0

Compilation events (20 events):
Event: 1.554 Thread 0x0000027d7a601800 1546       3       org.hibernate.annotations.common.reflection.java.Pair::<init> (23 bytes)
Event: 1.555 Thread 0x0000027d7a601800 nmethod 1546 0x0000027d00896a90 code [0x0000027d00896c80, 0x0000027d00897280]
Event: 1.555 Thread 0x0000027d7a601800 1548       3       java.nio.HeapByteBuffer::ix (7 bytes)
Event: 1.555 Thread 0x0000027d7a601800 nmethod 1548 0x0000027d00897490 code [0x0000027d00897640, 0x0000027d008977b8]
Event: 1.555 Thread 0x0000027d7a601800 1547       1       java.lang.Class::getAnnotationType (5 bytes)
Event: 1.555 Thread 0x0000027d7a601800 nmethod 1547 0x0000027d07b64010 code [0x0000027d07b641c0, 0x0000027d07b642f8]
Event: 1.555 Thread 0x0000027d7a601800 1549       1       org.hibernate.annotations.common.reflection.java.JavaXType::approximate (5 bytes)
Event: 1.555 Thread 0x0000027d7a601800 nmethod 1549 0x0000027d07b64390 code [0x0000027d07b64540, 0x0000027d07b64678]
Event: 1.555 Thread 0x0000027d7a601800 1550       3       java.util.LinkedList$ListItr::hasNext (20 bytes)
Event: 1.555 Thread 0x0000027d7a601800 nmethod 1550 0x0000027d00897890 code [0x0000027d00897a40, 0x0000027d00897c38]
Event: 1.556 Thread 0x0000027d7a601800 1552       3       java.util.logging.Logger::isLoggable (27 bytes)
Event: 1.556 Thread 0x0000027d7a601800 nmethod 1552 0x0000027d00897d10 code [0x0000027d00897ec0, 0x0000027d008980f8]
Event: 1.556 Thread 0x0000027d7a601800 1553       3       org.jboss.logging.JDKLogger::isEnabled (12 bytes)
Event: 1.556 Thread 0x0000027d7a601800 nmethod 1553 0x0000027d00898210 code [0x0000027d00898400, 0x0000027d00898870]
Event: 1.556 Thread 0x0000027d7a601800 1555       3       java.lang.reflect.Method::getParameterCount (6 bytes)
Event: 1.556 Thread 0x0000027d7a601800 nmethod 1555 0x0000027d00898a10 code [0x0000027d00898bc0, 0x0000027d00898d58]
Event: 1.556 Thread 0x0000027d7a601800 1554       1       org.hibernate.boot.internal.MetadataBuildingContextRootImpl::getBuildingOptions (5 bytes)
Event: 1.557 Thread 0x0000027d7a601800 nmethod 1554 0x0000027d07b64710 code [0x0000027d07b648c0, 0x0000027d07b649f8]
Event: 1.557 Thread 0x0000027d7a601800 1556       3       org.hibernate.annotations.common.reflection.java.JavaReflectionManager::toXClass (23 bytes)
Event: 1.557 Thread 0x0000027d7a601800 nmethod 1556 0x0000027d00898e10 code [0x0000027d00899000, 0x0000027d008995e0]

GC Heap History (2 events):
Event: 0.235 GC heap before
{Heap before GC invocations=0 (full 0):
 garbage-first heap   total 131072K, used 24576K [0x0000000081c00000, 0x0000000100000000)
  region size 1024K, 24 young (24576K), 0 survivors (0K)
 Metaspace       used 1753K, capacity 5036K, committed 5120K, reserved 1056768K
  class space    used 173K, capacity 486K, committed 512K, reserved 1048576K
}
Event: 0.238 GC heap after
{Heap after GC invocations=1 (full 0):
 garbage-first heap   total 131072K, used 3376K [0x0000000081c00000, 0x0000000100000000)
  region size 1024K, 3 young (3072K), 3 survivors (3072K)
 Metaspace       used 1753K, capacity 5036K, committed 5120K, reserved 1056768K
  class space    used 173K, capacity 486K, committed 512K, reserved 1048576K
}

Deoptimization events (20 events):
Event: 1.086 Thread 0x0000027d6ecaa800 Uncommon trap: trap_request=0xffffff4d fr.pc=0x0000027d07b11e98 relative=0x0000000000000558
Event: 1.086 Thread 0x0000027d6ecaa800 Uncommon trap: reason=unstable_if action=reinterpret pc=0x0000027d07b11e98 method=java.lang.AbstractStringBuilder.append(Ljava/lang/String;)Ljava/lang/AbstractStringBuilder; @ 1 c2
Event: 1.087 Thread 0x0000027d6ecaa800 DEOPT PACKING pc=0x0000027d07b11e98 sp=0x0000009fbfdfe670
Event: 1.087 Thread 0x0000027d6ecaa800 DEOPT UNPACKING pc=0x0000027d0002922f sp=0x0000009fbfdfe5f0 mode 2
Event: 1.220 Thread 0x0000027d6ecaa800 Uncommon trap: trap_request=0xffffff4d fr.pc=0x0000027d07ae7988 relative=0x0000000000000068
Event: 1.220 Thread 0x0000027d6ecaa800 Uncommon trap: reason=unstable_if action=reinterpret pc=0x0000027d07ae7988 method=java.lang.String.isLatin1()Z @ 10 c2
Event: 1.220 Thread 0x0000027d6ecaa800 DEOPT PACKING pc=0x0000027d07ae7988 sp=0x0000009fbfdfca00
Event: 1.220 Thread 0x0000027d6ecaa800 DEOPT UNPACKING pc=0x0000027d0002922f sp=0x0000009fbfdfc990 mode 2
Event: 1.256 Thread 0x0000027d6ecaa800 Uncommon trap: trap_request=0xffffff4d fr.pc=0x0000027d07af4d04 relative=0x0000000000000164
Event: 1.256 Thread 0x0000027d6ecaa800 Uncommon trap: reason=unstable_if action=reinterpret pc=0x0000027d07af4d04 method=java.lang.StringCoding.hasNegatives([BII)Z @ 12 c2
Event: 1.256 Thread 0x0000027d6ecaa800 DEOPT PACKING pc=0x0000027d07af4d04 sp=0x0000009fbfdfde20
Event: 1.256 Thread 0x0000027d6ecaa800 DEOPT UNPACKING pc=0x0000027d0002922f sp=0x0000009fbfdfddb0 mode 2
Event: 1.288 Thread 0x0000027d6ecaa800 Uncommon trap: trap_request=0xffffffc6 fr.pc=0x0000027d07b3d4d0 relative=0x0000000000000e90
Event: 1.288 Thread 0x0000027d6ecaa800 Uncommon trap: reason=bimorphic_or_optimized_type_check action=maybe_recompile pc=0x0000027d07b3d4d0 method=java.util.HashMap.putVal(ILjava/lang/Object;Ljava/lang/Object;ZZ)Ljava/lang/Object; @ 203 c2
Event: 1.288 Thread 0x0000027d6ecaa800 DEOPT PACKING pc=0x0000027d07b3d4d0 sp=0x0000009fbfdfd930
Event: 1.288 Thread 0x0000027d6ecaa800 DEOPT UNPACKING pc=0x0000027d0002922f sp=0x0000009fbfdfd8d0 mode 2
Event: 1.370 Thread 0x0000027d6ecaa800 DEOPT PACKING pc=0x0000027d0082e770 sp=0x0000009fbfdfe1a0
Event: 1.370 Thread 0x0000027d6ecaa800 DEOPT UNPACKING pc=0x0000027d0002904e sp=0x0000009fbfdfd628 mode 0
Event: 1.384 Thread 0x0000027d6ecaa800 DEOPT PACKING pc=0x0000027d00616561 sp=0x0000009fbfdfdb70
Event: 1.384 Thread 0x0000027d6ecaa800 DEOPT UNPACKING pc=0x0000027d0002904e sp=0x0000009fbfdfd050 mode 0

Classes redefined (0 events):
No events

Internal exceptions (20 events):
Event: 0.131 Thread 0x0000027d6ecaa800 Exception <a 'java/security/PrivilegedActionException'{0x000000008987a620}> (0x000000008987a620) thrown at [c:/BuildAgent/work/5ff2f6c26000d570/src/hotspot/share/prims/jvm.cpp, line 1297]
Event: 0.131 Thread 0x0000027d6ecaa800 Exception <a 'java/security/PrivilegedActionException'{0x000000008987b2a8}> (0x000000008987b2a8) thrown at [c:/BuildAgent/work/5ff2f6c26000d570/src/hotspot/share/prims/jvm.cpp, line 1297]
Event: 0.131 Thread 0x0000027d6ecaa800 Exception <a 'java/security/PrivilegedActionException'{0x000000008987b578}> (0x000000008987b578) thrown at [c:/BuildAgent/work/5ff2f6c26000d570/src/hotspot/share/prims/jvm.cpp, line 1297]
Event: 0.131 Thread 0x0000027d6ecaa800 Exception <a 'java/security/PrivilegedActionException'{0x000000008987c258}> (0x000000008987c258) thrown at [c:/BuildAgent/work/5ff2f6c26000d570/src/hotspot/share/prims/jvm.cpp, line 1297]
Event: 0.131 Thread 0x0000027d6ecaa800 Exception <a 'java/security/PrivilegedActionException'{0x000000008987c528}> (0x000000008987c528) thrown at [c:/BuildAgent/work/5ff2f6c26000d570/src/hotspot/share/prims/jvm.cpp, line 1297]
Event: 0.323 Thread 0x0000027d6ecaa800 Exception <a 'java/lang/NoSuchMethodError'{0x00000000886dea28}: 'java.lang.Object java.lang.invoke.DirectMethodHandle$Holder.invokeStatic(java.lang.Object, int, java.lang.Object)'> (0x00000000886dea28) thrown at [c:/BuildAgent/work/5ff2f6c26000d570/src/ho
Event: 0.694 Thread 0x0000027d6ecaa800 Exception <a 'java/lang/NoSuchMethodError'{0x0000000087694c60}: 'java.lang.Object java.lang.invoke.DirectMethodHandle$Holder.invokeStaticInit(java.lang.Object, int, int, int, int)'> (0x0000000087694c60) thrown at [c:/BuildAgent/work/5ff2f6c26000d570/src/h
Event: 0.901 Thread 0x0000027d6ecaa800 Exception <a 'java/lang/NoSuchMethodError'{0x00000000876df060}: 'java.lang.Object java.lang.invoke.DirectMethodHandle$Holder.invokeStaticInit(java.lang.Object, java.lang.Object, int, int, int, int)'> (0x00000000876df060) thrown at [c:/BuildAgent/work/5ff2
Event: 0.942 Thread 0x0000027d6ecaa800 Implicit null exception at 0x0000027d07b23131 to 0x0000027d07b240c6
Event: 0.942 Thread 0x0000027d6ecaa800 Implicit null exception at 0x0000027d07af502f to 0x0000027d07af50ad
Event: 1.022 Thread 0x0000027d6ecaa800 Exception <a 'java/lang/NoSuchMethodError'{0x000000008716c2d8}: 'java.lang.Object java.lang.invoke.DirectMethodHandle$Holder.invokeStatic(java.lang.Object, java.lang.Object, java.lang.Object, java.lang.Object, java.lang.Object, java.lang.Object, java.lang
Event: 1.025 Thread 0x0000027d6ecaa800 Exception <a 'java/lang/NoSuchMethodError'{0x0000000087179e88}: 'java.lang.Object java.lang.invoke.DirectMethodHandle$Holder.invokeStatic(java.lang.Object, java.lang.Object, java.lang.Object, java.lang.Object, java.lang.Object, java.lang.Object, java.lang
Event: 1.026 Thread 0x0000027d6ecaa800 Exception <a 'java/lang/NoSuchMethodError'{0x0000000087007798}: 'java.lang.Object java.lang.invoke.DirectMethodHandle$Holder.invokeSpecial(java.lang.Object, java.lang.Object, int, int, java.lang.Object, java.lang.Object, java.lang.Object)'> (0x00000000870
Event: 1.027 Thread 0x0000027d6ecaa800 Exception <a 'java/lang/NoSuchMethodError'{0x000000008700ad28}: 'java.lang.Object java.lang.invoke.DelegatingMethodHandle$Holder.reinvoke_L(java.lang.Object, int, int, java.lang.Object, java.lang.Object, java.lang.Object)'> (0x000000008700ad28) thrown at 
Event: 1.027 Thread 0x0000027d6ecaa800 Exception <a 'java/lang/NoSuchMethodError'{0x000000008700f0b0}: 'java.lang.Object java.lang.invoke.DirectMethodHandle$Holder.invokeStatic(java.lang.Object, java.lang.Object, java.lang.Object, java.lang.Object, int)'> (0x000000008700f0b0) thrown at [c:/Bui
Event: 1.086 Thread 0x0000027d6ecaa800 Implicit null exception at 0x0000027d07b11984 to 0x0000027d07b11e7e
Event: 1.090 Thread 0x0000027d6ecaa800 Exception <a 'java/lang/NoSuchMethodError'{0x0000000086e2d5f8}: 'int java.lang.invoke.DirectMethodHandle$Holder.invokeSpecialIFC(java.lang.Object, java.lang.Object, int)'> (0x0000000086e2d5f8) thrown at [c:/BuildAgent/work/5ff2f6c26000d570/src/hotspot/sha
Event: 1.111 Thread 0x0000027d6ecaa800 Exception <a 'java/lang/NoSuchMethodError'{0x0000000086ea8320}: 'java.lang.Object java.lang.invoke.DirectMethodHandle$Holder.invokeVirtual(java.lang.Object, java.lang.Object, java.lang.Object)'> (0x0000000086ea8320) thrown at [c:/BuildAgent/work/5ff2f6c26
Event: 1.118 Thread 0x0000027d6ecaa800 Exception <a 'java/lang/NoSuchMethodError'{0x0000000086ecb488}: 'void java.lang.invoke.DirectMethodHandle$Holder.invokeSpecial(java.lang.Object, java.lang.Object, java.lang.Object, java.lang.Object)'> (0x0000000086ecb488) thrown at [c:/BuildAgent/work/5ff
Event: 1.384 Thread 0x0000027d6ecaa800 Exception <a 'java/lang/NoSuchMethodError'{0x00000000864f3748}: 'void java.lang.invoke.DirectMethodHandle$Holder.invokeStaticInit(java.lang.Object, java.lang.Object)'> (0x00000000864f3748) thrown at [c:/BuildAgent/work/5ff2f6c26000d570/src/hotspot/share/i

Events (20 events):
Event: 1.545 loading class org/hibernate/cfg/AnnotationBinder$2
Event: 1.545 loading class org/hibernate/cfg/AnnotationBinder$2 done
Event: 1.546 loading class javax/persistence/CollectionTable
Event: 1.546 loading class javax/persistence/CollectionTable done
Event: 1.546 loading class org/hibernate/annotations/LazyCollection
Event: 1.546 loading class org/hibernate/annotations/LazyCollection done
Event: 1.547 loading class org/hibernate/cfg/annotations/CollectionBinder$1
Event: 1.547 loading class org/hibernate/cfg/annotations/CollectionBinder$1 done
Event: 1.547 loading class org/hibernate/cfg/CollectionSecondPass
Event: 1.547 loading class org/hibernate/cfg/CollectionSecondPass done
Event: 1.547 loading class org/hibernate/internal/CoreMessageLogger_$logger_pl_PL
Event: 1.547 loading class org/hibernate/internal/CoreMessageLogger_$logger_pl_PL done
Event: 1.547 loading class org/hibernate/internal/CoreMessageLogger_$logger_pl
Event: 1.547 loading class org/hibernate/internal/CoreMessageLogger_$logger_pl done
Event: 1.548 loading class org/hibernate/boot/model/source/internal/ImplicitColumnNamingSecondPass
Event: 1.548 loading class org/hibernate/boot/model/source/internal/ImplicitColumnNamingSecondPass done
Event: 1.549 loading class io/mbab/sda/groupproject/entity/Player$PlayerBuilder
Event: 1.549 loading class io/mbab/sda/groupproject/entity/Player$PlayerBuilder done
Event: 1.553 loading class io/mbab/sda/groupproject/entity/Team$TeamBuilder
Event: 1.553 loading class io/mbab/sda/groupproject/entity/Team$TeamBuilder done


Dynamic libraries:
0x00007ff7c4030000 - 0x00007ff7c403a000 	C:\Program Files\JetBrains\IntelliJ IDEA Community Edition 2019.3.2\jbr\bin\java.exe
0x00007ffa26450000 - 0x00007ffa26645000 	C:\WINDOWS\SYSTEM32\ntdll.dll
0x00007ffa24e20000 - 0x00007ffa24edd000 	C:\WINDOWS\System32\KERNEL32.DLL
0x00007ffa241f0000 - 0x00007ffa244b7000 	C:\WINDOWS\System32\KERNELBASE.dll
0x00007ffa23f70000 - 0x00007ffa24070000 	C:\WINDOWS\System32\ucrtbase.dll
0x00007ffa0b9b0000 - 0x00007ffa0b9c7000 	C:\Program Files\JetBrains\IntelliJ IDEA Community Edition 2019.3.2\jbr\bin\VCRUNTIME140.dll
0x00007ffa1c560000 - 0x00007ffa1c579000 	C:\Program Files\JetBrains\IntelliJ IDEA Community Edition 2019.3.2\jbr\bin\jli.dll
0x00007ffa250a0000 - 0x00007ffa25240000 	C:\WINDOWS\System32\USER32.dll
0x00007ffa0b0b0000 - 0x00007ffa0b34a000 	C:\WINDOWS\WinSxS\amd64_microsoft.windows.common-controls_6595b64144ccf1df_6.0.19041.1_none_b555e41d4684ddec\COMCTL32.dll
0x00007ffa23c80000 - 0x00007ffa23ca2000 	C:\WINDOWS\System32\win32u.dll
0x00007ffa25f20000 - 0x00007ffa25fbe000 	C:\WINDOWS\System32\msvcrt.dll
0x00007ffa25ef0000 - 0x00007ffa25f1a000 	C:\WINDOWS\System32\GDI32.dll
0x00007ffa23e60000 - 0x00007ffa23f6a000 	C:\WINDOWS\System32\gdi32full.dll
0x00007ffa24150000 - 0x00007ffa241ed000 	C:\WINDOWS\System32\msvcp_win.dll
0x00007ffa25ec0000 - 0x00007ffa25ef0000 	C:\WINDOWS\System32\IMM32.DLL
0x00007ff9d8020000 - 0x00007ff9d80bd000 	C:\Program Files\JetBrains\IntelliJ IDEA Community Edition 2019.3.2\jbr\bin\msvcp140.dll
0x00007ff9d0de0000 - 0x00007ff9d189b000 	C:\Program Files\JetBrains\IntelliJ IDEA Community Edition 2019.3.2\jbr\bin\server\jvm.dll
0x00007ffa25250000 - 0x00007ffa252fa000 	C:\WINDOWS\System32\ADVAPI32.dll
0x00007ffa24640000 - 0x00007ffa246db000 	C:\WINDOWS\System32\sechost.dll
0x00007ffa24f70000 - 0x00007ffa25093000 	C:\WINDOWS\System32\RPCRT4.dll
0x00007ffa25240000 - 0x00007ffa25248000 	C:\WINDOWS\System32\PSAPI.DLL
0x00007ffa0f550000 - 0x00007ffa0f559000 	C:\WINDOWS\SYSTEM32\WSOCK32.dll
0x00007ffa15d20000 - 0x00007ffa15d47000 	C:\WINDOWS\SYSTEM32\WINMM.dll
0x00007ffa0d580000 - 0x00007ffa0d58a000 	C:\WINDOWS\SYSTEM32\VERSION.dll
0x00007ffa24f00000 - 0x00007ffa24f6b000 	C:\WINDOWS\System32\WS2_32.dll
0x00007ffa22500000 - 0x00007ffa22513000 	C:\WINDOWS\SYSTEM32\kernel.appcore.dll
0x00007ffa1c330000 - 0x00007ffa1c341000 	C:\Program Files\JetBrains\IntelliJ IDEA Community Edition 2019.3.2\jbr\bin\verify.dll
0x00007ffa21a10000 - 0x00007ffa21bf4000 	C:\WINDOWS\SYSTEM32\DBGHELP.DLL
0x00007ffa0dbc0000 - 0x00007ffa0dbec000 	C:\WINDOWS\SYSTEM32\dbgcore.DLL
0x00007ffa24070000 - 0x00007ffa240ef000 	C:\WINDOWS\System32\bcryptPrimitives.dll
0x00007ffa19a10000 - 0x00007ffa19a39000 	C:\Program Files\JetBrains\IntelliJ IDEA Community Edition 2019.3.2\jbr\bin\java.dll
0x00007ffa1d9e0000 - 0x00007ffa1d9ef000 	C:\Program Files\JetBrains\IntelliJ IDEA Community Edition 2019.3.2\jbr\bin\instrument.dll
0x00007ffa19380000 - 0x00007ffa19397000 	C:\Program Files\JetBrains\IntelliJ IDEA Community Edition 2019.3.2\jbr\bin\zip.dll
0x00007ffa20990000 - 0x00007ffa2099b000 	C:\Program Files\JetBrains\IntelliJ IDEA Community Edition 2019.3.2\jbr\bin\jimage.dll
0x00007ffa25300000 - 0x00007ffa25a40000 	C:\WINDOWS\System32\SHELL32.dll
0x00007ffa21d00000 - 0x00007ffa22491000 	C:\WINDOWS\SYSTEM32\windows.storage.dll
0x00007ffa25fc0000 - 0x00007ffa26313000 	C:\WINDOWS\System32\combase.dll
0x00007ffa23620000 - 0x00007ffa2364c000 	C:\WINDOWS\SYSTEM32\Wldp.dll
0x00007ffa24d70000 - 0x00007ffa24e1e000 	C:\WINDOWS\System32\SHCORE.dll
0x00007ffa25e60000 - 0x00007ffa25eb5000 	C:\WINDOWS\System32\shlwapi.dll
0x00007ffa23ae0000 - 0x00007ffa23aff000 	C:\WINDOWS\SYSTEM32\profapi.dll
0x00007ffa184f0000 - 0x00007ffa1850a000 	C:\Program Files\JetBrains\IntelliJ IDEA Community Edition 2019.3.2\jbr\bin\net.dll
0x00007ffa16eb0000 - 0x00007ffa16fb0000 	C:\WINDOWS\SYSTEM32\WINHTTP.dll
0x00007ffa233a0000 - 0x00007ffa2340a000 	C:\WINDOWS\system32\mswsock.dll
0x00007ffa16970000 - 0x00007ffa16984000 	C:\Program Files\JetBrains\IntelliJ IDEA Community Edition 2019.3.2\jbr\bin\nio.dll
0x00007ffa1cc00000 - 0x00007ffa1cc1a000 	C:\Program Files\JetBrains\IntelliJ IDEA Community Edition 2019.3.2\bin\breakgen64.dll
0x00007ffa23570000 - 0x00007ffa23588000 	C:\WINDOWS\SYSTEM32\CRYPTSP.dll
0x00007ffa22cc0000 - 0x00007ffa22cf4000 	C:\WINDOWS\system32\rsaenh.dll
0x00007ffa23c50000 - 0x00007ffa23c77000 	C:\WINDOWS\System32\bcrypt.dll
0x00007ffa23a60000 - 0x00007ffa23a8e000 	C:\WINDOWS\SYSTEM32\USERENV.dll
0x00007ffa23590000 - 0x00007ffa2359c000 	C:\WINDOWS\SYSTEM32\CRYPTBASE.dll
0x00007ffa23040000 - 0x00007ffa2307b000 	C:\WINDOWS\SYSTEM32\IPHLPAPI.DLL
0x00007ffa25e50000 - 0x00007ffa25e59000 	C:\WINDOWS\System32\NSI.dll
0x00007ffa1a520000 - 0x00007ffa1a537000 	C:\WINDOWS\SYSTEM32\dhcpcsvc6.DLL
0x00007ffa1a940000 - 0x00007ffa1a95d000 	C:\WINDOWS\SYSTEM32\dhcpcsvc.DLL
0x00007ffa23080000 - 0x00007ffa2314a000 	C:\WINDOWS\SYSTEM32\DNSAPI.dll
0x00007ffa18200000 - 0x00007ffa1820a000 	C:\Windows\System32\rasadhlp.dll
0x00007ffa16e20000 - 0x00007ffa16e9f000 	C:\WINDOWS\System32\fwpuclnt.dll

dbghelp: loaded successfully - version: 4.0.5 - missing functions: none
symbol engine: initialized successfully - sym options: 0x614 - pdb path: .;C:\Program Files\JetBrains\IntelliJ IDEA Community Edition 2019.3.2\jbr\bin;C:\WINDOWS\SYSTEM32;C:\WINDOWS\WinSxS\amd64_microsoft.windows.common-controls_6595b64144ccf1df_6.0.19041.1_none_b555e41d4684ddec;C:\Program Files\JetBrains\IntelliJ IDEA Community Edition 2019.3.2\jbr\bin\server;C:\Program Files\JetBrains\IntelliJ IDEA Community Edition 2019.3.2\bin

VM Arguments:
jvm_args: -javaagent:C:\Program Files\JetBrains\IntelliJ IDEA Community Edition 2019.3.2\lib\idea_rt.jar=51661:C:\Program Files\JetBrains\IntelliJ IDEA Community Edition 2019.3.2\bin -Dfile.encoding=UTF-8 
java_command: io.mbab.sda.groupproject.Application
java_class_path (initial): C:\Users\jmier\IdeaProjects\sda-group-project\target\classes;C:\Users\jmier\.m2\repository\org\hibernate\javax\persistence\hibernate-jpa-2.1-api\1.0.2.Final\hibernate-jpa-2.1-api-1.0.2.Final.jar;C:\Users\jmier\.m2\repository\org\hibernate\hibernate-core\5.4.21.Final\hibernate-core-5.4.21.Final.jar;C:\Users\jmier\.m2\repository\org\jboss\logging\jboss-logging\3.3.2.Final\jboss-logging-3.3.2.Final.jar;C:\Users\jmier\.m2\repository\javax\persistence\javax.persistence-api\2.2\javax.persistence-api-2.2.jar;C:\Users\jmier\.m2\repository\org\javassist\javassist\3.24.0-GA\javassist-3.24.0-GA.jar;C:\Users\jmier\.m2\repository\net\bytebuddy\byte-buddy\1.10.10\byte-buddy-1.10.10.jar;C:\Users\jmier\.m2\repository\antlr\antlr\2.7.7\antlr-2.7.7.jar;C:\Users\jmier\.m2\repository\org\jboss\spec\javax\transaction\jboss-transaction-api_1.2_spec\1.1.1.Final\jboss-transaction-api_1.2_spec-1.1.1.Final.jar;C:\Users\jmier\.m2\repository\org\jboss\jandex\2.1.3.Final\jandex-2.1.3.Final.jar;C:\Users\jmier\.m2\repository\com\fasterxml\classmate\1.5.1\classmate-1.5.1.jar;C:\Users\jmier\.m2\repository\javax\activation\javax.activation-api\1.2.0\javax.activation-api-1.2.0.jar;C:\Users\jmier\.m2\repository\org\dom4j\dom4j\2.1.3\dom4j-2.1.3.jar;C:\Users\jmier\.m2\repository\org\hibernate\common\hibernate-commons-annotations\5.1.0.Final\hibernate-commons-annotations-5.1.0.Final.jar;C:\Users\jmier\.m2\repository\javax\xml\bind\jaxb-api\2.3.1\jaxb-api-2.3.1.jar;C:\Users\jmier\.m2\repository\org\glassfish\jaxb\jaxb-runtime\2.3.1\jaxb-runtime-2.3.1.jar;C:\Users\jmier\.m2\repository\org\glassfish\jaxb\txw2\2.3.1\txw2-2.3.1.jar;C:\Users\jmier\.m2\repository\com\sun\istack\istack-commons-runtime\3.0.7\istack-commons-runtime-3.0.7.jar;C:\Users\jmier\.m2\repository\org\jvnet\staxex\stax-ex\1.8\stax-ex-1.8.jar;C:\Users\jmier\.m2\repository\com\sun\xml\fastinfoset\FastInfoset\1.2.15\FastInfoset-1.2.15.jar;C:\Users\jmier\.m2\repository\mysql\mysql-connector-java\8.0.21\mysql-connec
Launcher Type: SUN_STANDARD

[Global flags]
     intx CICompilerCount                          = 4                                         {product} {ergonomic}
     uint ConcGCThreads                            = 2                                         {product} {ergonomic}
     uint G1ConcRefinementThreads                  = 8                                         {product} {ergonomic}
   size_t G1HeapRegionSize                         = 1048576                                   {product} {ergonomic}
    uintx GCDrainStackTargetSize                   = 64                                        {product} {ergonomic}
   size_t InitialHeapSize                          = 134217728                                 {product} {ergonomic}
   size_t MarkStackSize                            = 4194304                                   {product} {ergonomic}
   size_t MaxHeapSize                              = 2118123520                                {product} {ergonomic}
   size_t MaxNewSize                               = 1270874112                                {product} {ergonomic}
   size_t MinHeapDeltaBytes                        = 1048576                                   {product} {ergonomic}
    uintx NonNMethodCodeHeapSize                   = 5836300                                {pd product} {ergonomic}
    uintx NonProfiledCodeHeapSize                  = 122910970                              {pd product} {ergonomic}
    uintx ProfiledCodeHeapSize                     = 122910970                              {pd product} {ergonomic}
    uintx ReservedCodeCacheSize                    = 251658240                              {pd product} {ergonomic}
     bool SegmentedCodeCache                       = true                                      {product} {ergonomic}
     bool UseCompressedClassPointers               = true                                 {lp64_product} {ergonomic}
     bool UseCompressedOops                        = true                                 {lp64_product} {ergonomic}
     bool UseG1GC                                  = true                                      {product} {ergonomic}
     bool UseLargePagesIndividualAllocation        = false                                  {pd product} {ergonomic}

Logging:
Log output configuration:
 #0: stdout all=warning uptime,level,tags
 #1: stderr all=off uptime,level,tags

Environment Variables:
JAVA_HOME=C:\Program Files\AdoptOpenJDK\jdk-11.0.6.10-hotspot\
PATH=C:\Program Files\AdoptOpenJDK\jdk-11.0.6.10-hotspot\bin;C:\PROGRA~2\Borland\CBUILD~1\Bin;C:\PROGRA~2\Borland\CBUILD~1\Projects\Bpl;C:\Program Files (x86)\Intel\iCLS Client\;C:\Program Files\Intel\iCLS Client\;C:\WINDOWS\system32;C:\WINDOWS;C:\WINDOWS\System32\Wbem;C:\WINDOWS\System32\WindowsPowerShell\v1.0\;C:\Program Files (x86)\Intel\Intel(R) Management Engine Components\DAL;C:\Program Files\Intel\Intel(R) Management Engine Components\DAL;C:\Program Files (x86)\Intel\Intel(R) Management Engine Components\IPT;C:\Program Files\Intel\Intel(R) Management Engine Components\IPT;C:\WINDOWS\System32\OpenSSH\;C:\Program Files\Intel\WiFi\bin\;C:\Program Files\Common Files\Intel\WirelessCommon\;C:\Program Files\Git\cmd;C:\Users\jmier\Desktop\Java\apache-maven-3.6.3\bin;C:\Program Files (x86)\Microsoft SQL Server\150\DTS\Binn\;C:\Program Files\Microsoft SQL Server\Client SDK\ODBC\170\Tools\Binn\;C:\Program Files (x86)\Microsoft SQL Server\150\Tools\Binn\;C:\Program Files\Microsoft SQL Server\150\Tools\Binn\;C:\Program Files\Microsoft SQL Server\150\DTS\Binn\;C:\Program Files\MySQL\MySQL Shell 8.0\bin\;C:\Users\jmier\AppData\Local\Microsoft\WindowsApps;C:\Users\jmier\Desktop\Java\apache-maven-3.6.3\bin;
USERNAME=jmier
OS=Windows_NT
PROCESSOR_IDENTIFIER=Intel64 Family 6 Model 142 Stepping 10, GenuineIntel



---------------  S Y S T E M  ---------------

OS: Windows 10 , 64 bit Build 19041 (10.0.19041.292)

CPU:total 8 (initial active 8) (4 cores per cpu, 2 threads per core) family 6 model 142 stepping 10, cmov, cx8, fxsr, mmx, sse, sse2, sse3, ssse3, sse4.1, sse4.2, popcnt, avx, avx2, aes, clmul, erms, 3dnowpref, lzcnt, ht, tsc, tscinvbit, bmi1, bmi2, adx, fma

Memory: 4k page, system-wide physical 8078M (973M free)
TotalPageFile size 12174M (AvailPageFile size 4M)
current process WorkingSet (physical memory assigned to process): 141M, peak: 141M
current process commit charge ("private bytes"): 233M, peak: 233M

vm_info: OpenJDK 64-Bit Server VM (11.0.5+10-b520.30) for windows-amd64 JRE (11.0.5+10-b520.30), built on Dec 24 2019 12:06:09 by "" with MS VC++ 14.0 (VS2015)

END.
