#
# There is insufficient memory for the Java Runtime Environment to continue.
# Native memory allocation (malloc) failed to allocate 705536 bytes for Chunk::new
# Possible reasons:
#   The system is out of physical RAM or swap space
#   The process is running with CompressedOops enabled, and the Java Heap may be blocking the growth of the native heap
# Possible solutions:
#   Reduce memory load on the system
#   Increase physical memory or swap space
#   Check if swap backing store is full
#   Decrease Java heap size (-Xmx/-Xms)
#   Decrease number of Java threads
#   Decrease Java thread stack sizes (-Xss)
#   Set larger code cache with -XX:ReservedCodeCacheSize=
#   JVM is running with Unscaled Compressed Oops mode in which the Java heap is
#     placed in the first 4GB address space. The Java Heap base address is the
#     maximum limit for the native heap growth. Please use -XX:HeapBaseMinAddress
#     to set the Java Heap base and to place the Java Heap above 4GB virtual address.
# This output file may be truncated or incomplete.
#
#  Out of Memory Error (c:/BuildAgent/work/5ff2f6c26000d570/src/hotspot/share/memory/arena.cpp:197), pid=17264, tid=20644
#
# JRE version: OpenJDK Runtime Environment (11.0.5+10) (build 11.0.5+10-b520.30)
# Java VM: OpenJDK 64-Bit Server VM (11.0.5+10-b520.30, mixed mode, sharing, tiered, compressed oops, g1 gc, windows-amd64)
# No core dump will be written. Minidumps are not enabled by default on client versions of Windows
#

---------------  S U M M A R Y ------------

Command Line: -javaagent:C:\Program Files\JetBrains\IntelliJ IDEA Community Edition 2019.3.2\lib\idea_rt.jar=59887:C:\Program Files\JetBrains\IntelliJ IDEA Community Edition 2019.3.2\bin -Dfile.encoding=UTF-8 io.mbab.sda.groupproject.Application

Host: Intel(R) Core(TM) i5-8250U CPU @ 1.60GHz, 8 cores, 7G,  Windows 10 , 64 bit Build 19041 (10.0.19041.292)
Time: Thu Sep 10 22:42:38 2020 Œrodkowoeuropejski czas letni elapsed time: 2 seconds (0d 0h 0m 2s)

---------------  T H R E A D  ---------------

Current thread (0x0000029f16883800):  JavaThread "C2 CompilerThread0" daemon [_thread_in_native, id=20644, stack(0x000000e361f00000,0x000000e362000000)]


Current CompileTask:
C2:   2895 1857   !   4       jdk.internal.loader.BuiltinClassLoader::loadClassOrNull (143 bytes)

Stack: [0x000000e361f00000,0x000000e362000000]
Native frames: (J=compiled Java code, j=interpreted, Vv=VM code, C=native code)
V  [jvm.dll+0x5dcafa]
V  [jvm.dll+0x70e375]
V  [jvm.dll+0x70f898]
V  [jvm.dll+0x70ff63]
V  [jvm.dll+0x23e238]
V  [jvm.dll+0xb8a9c]
V  [jvm.dll+0xb8fac]
V  [jvm.dll+0x2b1f94]
V  [jvm.dll+0x501372]
V  [jvm.dll+0x1f8c73]
V  [jvm.dll+0x1f6a1f]
V  [jvm.dll+0x17f6fc]
V  [jvm.dll+0x204f77]
V  [jvm.dll+0x2037f1]
V  [jvm.dll+0x6d835f]
V  [jvm.dll+0x6d114d]
V  [jvm.dll+0x5dbdd6]
C  [ucrtbase.dll+0x21542]
C  [KERNEL32.DLL+0x16fd4]
C  [ntdll.dll+0x4cec1]


---------------  P R O C E S S  ---------------

Threads class SMR info:
_java_thread_list=0x0000029f184c4430, length=13, elements={
0x0000029f79e8e800, 0x0000029f16865800, 0x0000029f16867000, 0x0000029f16881000,
0x0000029f16882000, 0x0000029f16883800, 0x0000029f1688c800, 0x0000029f16896000,
0x0000029f172eb800, 0x0000029f17608800, 0x0000029f17609000, 0x0000029f1779f000,
0x0000029f184b9000
}

Java Threads: ( => current thread )
  0x0000029f79e8e800 JavaThread "main" [_thread_in_vm, id=7132, stack(0x000000e361400000,0x000000e361500000)]
  0x0000029f16865800 JavaThread "Reference Handler" daemon [_thread_blocked, id=22832, stack(0x000000e361b00000,0x000000e361c00000)]
  0x0000029f16867000 JavaThread "Finalizer" daemon [_thread_blocked, id=21796, stack(0x000000e361c00000,0x000000e361d00000)]
  0x0000029f16881000 JavaThread "Signal Dispatcher" daemon [_thread_blocked, id=22368, stack(0x000000e361d00000,0x000000e361e00000)]
  0x0000029f16882000 JavaThread "Attach Listener" daemon [_thread_blocked, id=15408, stack(0x000000e361e00000,0x000000e361f00000)]
=>0x0000029f16883800 JavaThread "C2 CompilerThread0" daemon [_thread_in_native, id=20644, stack(0x000000e361f00000,0x000000e362000000)]
  0x0000029f1688c800 JavaThread "C1 CompilerThread0" daemon [_thread_blocked, id=17332, stack(0x000000e362000000,0x000000e362100000)]
  0x0000029f16896000 JavaThread "Sweeper thread" daemon [_thread_blocked, id=4264, stack(0x000000e362100000,0x000000e362200000)]
  0x0000029f172eb800 JavaThread "Common-Cleaner" daemon [_thread_blocked, id=416, stack(0x000000e362200000,0x000000e362300000)]
  0x0000029f17608800 JavaThread "Monitor Ctrl-Break" daemon [_thread_in_native, id=19236, stack(0x000000e362400000,0x000000e362500000)]
  0x0000029f17609000 JavaThread "Service Thread" daemon [_thread_blocked, id=7280, stack(0x000000e362500000,0x000000e362600000)]
  0x0000029f1779f000 JavaThread "mysql-cj-abandoned-connection-cleanup" daemon [_thread_blocked, id=12444, stack(0x000000e362700000,0x000000e362800000)]
  0x0000029f184b9000 JavaThread "C2 CompilerThread1" daemon [_thread_in_native, id=18840, stack(0x000000e362300000,0x000000e362400000)]

Other Threads:
  0x0000029f16864000 VMThread "VM Thread" [stack: 0x000000e361a00000,0x000000e361b00000] [id=18312]
  0x0000029f1758d000 WatcherThread [stack: 0x000000e362600000,0x000000e362700000] [id=5788]
  0x0000029f7bedd800 GCTaskThread "GC Thread#0" [stack: 0x000000e361500000,0x000000e361600000] [id=9996]
  0x0000029f177ee000 GCTaskThread "GC Thread#1" [stack: 0x000000e362800000,0x000000e362900000] [id=23012]
  0x0000029f177ef000 GCTaskThread "GC Thread#2" [stack: 0x000000e362900000,0x000000e362a00000] [id=11096]
  0x0000029f7bf0c800 ConcurrentGCThread "G1 Main Marker" [stack: 0x000000e361600000,0x000000e361700000] [id=2480]
  0x0000029f7bf0e800 ConcurrentGCThread "G1 Conc#0" [stack: 0x000000e361700000,0x000000e361800000] [id=17580]
  0x0000029f7bf9e000 ConcurrentGCThread "G1 Refine#0" [stack: 0x000000e361800000,0x000000e361900000] [id=15768]
  0x0000029f166f3800 ConcurrentGCThread "G1 Young RemSet Sampling" [stack: 0x000000e361900000,0x000000e361a00000] [id=1228]

Threads with active compile tasks:
C2 CompilerThread0   2922 1857   !   4       jdk.internal.loader.BuiltinClassLoader::loadClassOrNull (143 bytes)
C2 CompilerThread1   2922 1895       4       java.net.URLStreamHandler::parseURL (1201 bytes)

VM state:not at safepoint (normal execution)

VM Mutex/Monitor currently owned by a thread: None

Heap address: 0x0000000081c00000, size: 2020 MB, Compressed Oops mode: 32-bit
Narrow klass base: 0x0000000800000000, Narrow klass shift: 3
Compressed class space size: 1073741824 Address: 0x0000000840000000

Heap:
 garbage-first heap   total 131072K, used 33239K [0x0000000081c00000, 0x0000000100000000)
  region size 1024K, 32 young (32768K), 8 survivors (8192K)
 Metaspace       used 18827K, capacity 19247K, committed 19584K, reserved 1071104K
  class space    used 2443K, capacity 2586K, committed 2688K, reserved 1048576K
Heap Regions: E=young(eden), S=young(survivor), O=old, HS=humongous(starts), HC=humongous(continues), CS=collection set, F=free, A=archive, TAMS=top-at-mark-start (previous, next)
|   0|0x0000000081c00000, 0x0000000081d00000, 0x0000000081d00000|100%|HS|  |TAMS 0x0000000081c00000, 0x0000000081c00000| Complete 
|   1|0x0000000081d00000, 0x0000000081e00000, 0x0000000081e00000|100%| O|  |TAMS 0x0000000081d00000, 0x0000000081d00000| Untracked 
|   2|0x0000000081e00000, 0x0000000081e73e00, 0x0000000081f00000| 45%| O|  |TAMS 0x0000000081e00000, 0x0000000081e00000| Untracked 
|   3|0x0000000081f00000, 0x0000000081f00000, 0x0000000082000000|  0%| F|  |TAMS 0x0000000081f00000, 0x0000000081f00000| Untracked 
|   4|0x0000000082000000, 0x0000000082000000, 0x0000000082100000|  0%| F|  |TAMS 0x0000000082000000, 0x0000000082000000| Untracked 
|   5|0x0000000082100000, 0x0000000082100000, 0x0000000082200000|  0%| F|  |TAMS 0x0000000082100000, 0x0000000082100000| Untracked 
|   6|0x0000000082200000, 0x0000000082200000, 0x0000000082300000|  0%| F|  |TAMS 0x0000000082200000, 0x0000000082200000| Untracked 
|   7|0x0000000082300000, 0x0000000082300000, 0x0000000082400000|  0%| F|  |TAMS 0x0000000082300000, 0x0000000082300000| Untracked 
|   8|0x0000000082400000, 0x0000000082400000, 0x0000000082500000|  0%| F|  |TAMS 0x0000000082400000, 0x0000000082400000| Untracked 
|   9|0x0000000082500000, 0x0000000082500000, 0x0000000082600000|  0%| F|  |TAMS 0x0000000082500000, 0x0000000082500000| Untracked 
|  10|0x0000000082600000, 0x0000000082600000, 0x0000000082700000|  0%| F|  |TAMS 0x0000000082600000, 0x0000000082600000| Untracked 
|  11|0x0000000082700000, 0x0000000082700000, 0x0000000082800000|  0%| F|  |TAMS 0x0000000082700000, 0x0000000082700000| Untracked 
|  12|0x0000000082800000, 0x0000000082800000, 0x0000000082900000|  0%| F|  |TAMS 0x0000000082800000, 0x0000000082800000| Untracked 
|  13|0x0000000082900000, 0x0000000082900000, 0x0000000082a00000|  0%| F|  |TAMS 0x0000000082900000, 0x0000000082900000| Untracked 
|  14|0x0000000082a00000, 0x0000000082a00000, 0x0000000082b00000|  0%| F|  |TAMS 0x0000000082a00000, 0x0000000082a00000| Untracked 
|  15|0x0000000082b00000, 0x0000000082b00000, 0x0000000082c00000|  0%| F|  |TAMS 0x0000000082b00000, 0x0000000082b00000| Untracked 
|  16|0x0000000082c00000, 0x0000000082c00000, 0x0000000082d00000|  0%| F|  |TAMS 0x0000000082c00000, 0x0000000082c00000| Untracked 
|  17|0x0000000082d00000, 0x0000000082d00000, 0x0000000082e00000|  0%| F|  |TAMS 0x0000000082d00000, 0x0000000082d00000| Untracked 
|  18|0x0000000082e00000, 0x0000000082e00000, 0x0000000082f00000|  0%| F|  |TAMS 0x0000000082e00000, 0x0000000082e00000| Untracked 
|  19|0x0000000082f00000, 0x0000000082f00000, 0x0000000083000000|  0%| F|  |TAMS 0x0000000082f00000, 0x0000000082f00000| Untracked 
|  20|0x0000000083000000, 0x0000000083000000, 0x0000000083100000|  0%| F|  |TAMS 0x0000000083000000, 0x0000000083000000| Untracked 
|  21|0x0000000083100000, 0x0000000083100000, 0x0000000083200000|  0%| F|  |TAMS 0x0000000083100000, 0x0000000083100000| Untracked 
|  22|0x0000000083200000, 0x0000000083200000, 0x0000000083300000|  0%| F|  |TAMS 0x0000000083200000, 0x0000000083200000| Untracked 
|  23|0x0000000083300000, 0x0000000083300000, 0x0000000083400000|  0%| F|  |TAMS 0x0000000083300000, 0x0000000083300000| Untracked 
|  24|0x0000000083400000, 0x0000000083400000, 0x0000000083500000|  0%| F|  |TAMS 0x0000000083400000, 0x0000000083400000| Untracked 
|  25|0x0000000083500000, 0x0000000083500000, 0x0000000083600000|  0%| F|  |TAMS 0x0000000083500000, 0x0000000083500000| Untracked 
|  26|0x0000000083600000, 0x0000000083600000, 0x0000000083700000|  0%| F|  |TAMS 0x0000000083600000, 0x0000000083600000| Untracked 
|  27|0x0000000083700000, 0x0000000083700000, 0x0000000083800000|  0%| F|  |TAMS 0x0000000083700000, 0x0000000083700000| Untracked 
|  28|0x0000000083800000, 0x0000000083800000, 0x0000000083900000|  0%| F|  |TAMS 0x0000000083800000, 0x0000000083800000| Untracked 
|  29|0x0000000083900000, 0x0000000083900000, 0x0000000083a00000|  0%| F|  |TAMS 0x0000000083900000, 0x0000000083900000| Untracked 
|  30|0x0000000083a00000, 0x0000000083a00000, 0x0000000083b00000|  0%| F|  |TAMS 0x0000000083a00000, 0x0000000083a00000| Untracked 
|  31|0x0000000083b00000, 0x0000000083b00000, 0x0000000083c00000|  0%| F|  |TAMS 0x0000000083b00000, 0x0000000083b00000| Untracked 
|  32|0x0000000083c00000, 0x0000000083c00000, 0x0000000083d00000|  0%| F|  |TAMS 0x0000000083c00000, 0x0000000083c00000| Untracked 
|  33|0x0000000083d00000, 0x0000000083d00000, 0x0000000083e00000|  0%| F|  |TAMS 0x0000000083d00000, 0x0000000083d00000| Untracked 
|  34|0x0000000083e00000, 0x0000000083e00000, 0x0000000083f00000|  0%| F|  |TAMS 0x0000000083e00000, 0x0000000083e00000| Untracked 
|  35|0x0000000083f00000, 0x0000000083f00000, 0x0000000084000000|  0%| F|  |TAMS 0x0000000083f00000, 0x0000000083f00000| Untracked 
|  36|0x0000000084000000, 0x0000000084000000, 0x0000000084100000|  0%| F|  |TAMS 0x0000000084000000, 0x0000000084000000| Untracked 
|  37|0x0000000084100000, 0x0000000084100000, 0x0000000084200000|  0%| F|  |TAMS 0x0000000084100000, 0x0000000084100000| Untracked 
|  38|0x0000000084200000, 0x0000000084200000, 0x0000000084300000|  0%| F|  |TAMS 0x0000000084200000, 0x0000000084200000| Untracked 
|  39|0x0000000084300000, 0x0000000084300000, 0x0000000084400000|  0%| F|  |TAMS 0x0000000084300000, 0x0000000084300000| Untracked 
|  40|0x0000000084400000, 0x0000000084400000, 0x0000000084500000|  0%| F|  |TAMS 0x0000000084400000, 0x0000000084400000| Untracked 
|  41|0x0000000084500000, 0x0000000084500000, 0x0000000084600000|  0%| F|  |TAMS 0x0000000084500000, 0x0000000084500000| Untracked 
|  42|0x0000000084600000, 0x0000000084600000, 0x0000000084700000|  0%| F|  |TAMS 0x0000000084600000, 0x0000000084600000| Untracked 
|  43|0x0000000084700000, 0x0000000084700000, 0x0000000084800000|  0%| F|  |TAMS 0x0000000084700000, 0x0000000084700000| Untracked 
|  44|0x0000000084800000, 0x0000000084802010, 0x0000000084900000|  0%| S|CS|TAMS 0x0000000084800000, 0x0000000084800000| Complete 
|  45|0x0000000084900000, 0x0000000084a00000, 0x0000000084a00000|100%| S|CS|TAMS 0x0000000084900000, 0x0000000084900000| Complete 
|  46|0x0000000084a00000, 0x0000000084b00000, 0x0000000084b00000|100%| S|CS|TAMS 0x0000000084a00000, 0x0000000084a00000| Complete 
|  47|0x0000000084b00000, 0x0000000084c00000, 0x0000000084c00000|100%| S|CS|TAMS 0x0000000084b00000, 0x0000000084b00000| Complete 
|  48|0x0000000084c00000, 0x0000000084d00000, 0x0000000084d00000|100%| S|CS|TAMS 0x0000000084c00000, 0x0000000084c00000| Complete 
|  49|0x0000000084d00000, 0x0000000084e00000, 0x0000000084e00000|100%| S|CS|TAMS 0x0000000084d00000, 0x0000000084d00000| Complete 
|  50|0x0000000084e00000, 0x0000000084f00000, 0x0000000084f00000|100%| S|CS|TAMS 0x0000000084e00000, 0x0000000084e00000| Complete 
|  51|0x0000000084f00000, 0x0000000085000000, 0x0000000085000000|100%| S|CS|TAMS 0x0000000084f00000, 0x0000000084f00000| Complete 
|  52|0x0000000085000000, 0x0000000085000000, 0x0000000085100000|  0%| F|  |TAMS 0x0000000085000000, 0x0000000085000000| Untracked 
|  53|0x0000000085100000, 0x0000000085100000, 0x0000000085200000|  0%| F|  |TAMS 0x0000000085100000, 0x0000000085100000| Untracked 
|  54|0x0000000085200000, 0x0000000085200000, 0x0000000085300000|  0%| F|  |TAMS 0x0000000085200000, 0x0000000085200000| Untracked 
|  55|0x0000000085300000, 0x0000000085300000, 0x0000000085400000|  0%| F|  |TAMS 0x0000000085300000, 0x0000000085300000| Untracked 
|  56|0x0000000085400000, 0x0000000085400000, 0x0000000085500000|  0%| F|  |TAMS 0x0000000085400000, 0x0000000085400000| Untracked 
|  57|0x0000000085500000, 0x0000000085500000, 0x0000000085600000|  0%| F|  |TAMS 0x0000000085500000, 0x0000000085500000| Untracked 
|  58|0x0000000085600000, 0x0000000085600000, 0x0000000085700000|  0%| F|  |TAMS 0x0000000085600000, 0x0000000085600000| Untracked 
|  59|0x0000000085700000, 0x0000000085700000, 0x0000000085800000|  0%| F|  |TAMS 0x0000000085700000, 0x0000000085700000| Untracked 
|  60|0x0000000085800000, 0x0000000085800000, 0x0000000085900000|  0%| F|  |TAMS 0x0000000085800000, 0x0000000085800000| Untracked 
|  61|0x0000000085900000, 0x0000000085900000, 0x0000000085a00000|  0%| F|  |TAMS 0x0000000085900000, 0x0000000085900000| Untracked 
|  62|0x0000000085a00000, 0x0000000085a00000, 0x0000000085b00000|  0%| F|  |TAMS 0x0000000085a00000, 0x0000000085a00000| Untracked 
|  63|0x0000000085b00000, 0x0000000085b00000, 0x0000000085c00000|  0%| F|  |TAMS 0x0000000085b00000, 0x0000000085b00000| Untracked 
|  64|0x0000000085c00000, 0x0000000085c00000, 0x0000000085d00000|  0%| F|  |TAMS 0x0000000085c00000, 0x0000000085c00000| Untracked 
|  65|0x0000000085d00000, 0x0000000085d00000, 0x0000000085e00000|  0%| F|  |TAMS 0x0000000085d00000, 0x0000000085d00000| Untracked 
|  66|0x0000000085e00000, 0x0000000085e00000, 0x0000000085f00000|  0%| F|  |TAMS 0x0000000085e00000, 0x0000000085e00000| Untracked 
|  67|0x0000000085f00000, 0x0000000085f00000, 0x0000000086000000|  0%| F|  |TAMS 0x0000000085f00000, 0x0000000085f00000| Untracked 
|  68|0x0000000086000000, 0x0000000086000000, 0x0000000086100000|  0%| F|  |TAMS 0x0000000086000000, 0x0000000086000000| Untracked 
|  69|0x0000000086100000, 0x0000000086100000, 0x0000000086200000|  0%| F|  |TAMS 0x0000000086100000, 0x0000000086100000| Untracked 
|  70|0x0000000086200000, 0x0000000086200000, 0x0000000086300000|  0%| F|  |TAMS 0x0000000086200000, 0x0000000086200000| Untracked 
|  71|0x0000000086300000, 0x0000000086300000, 0x0000000086400000|  0%| F|  |TAMS 0x0000000086300000, 0x0000000086300000| Untracked 
|  72|0x0000000086400000, 0x0000000086400000, 0x0000000086500000|  0%| F|  |TAMS 0x0000000086400000, 0x0000000086400000| Untracked 
|  73|0x0000000086500000, 0x0000000086500000, 0x0000000086600000|  0%| F|  |TAMS 0x0000000086500000, 0x0000000086500000| Untracked 
|  74|0x0000000086600000, 0x0000000086600000, 0x0000000086700000|  0%| F|  |TAMS 0x0000000086600000, 0x0000000086600000| Untracked 
|  75|0x0000000086700000, 0x0000000086700000, 0x0000000086800000|  0%| F|  |TAMS 0x0000000086700000, 0x0000000086700000| Untracked 
|  76|0x0000000086800000, 0x0000000086800000, 0x0000000086900000|  0%| F|  |TAMS 0x0000000086800000, 0x0000000086800000| Untracked 
|  77|0x0000000086900000, 0x0000000086900000, 0x0000000086a00000|  0%| F|  |TAMS 0x0000000086900000, 0x0000000086900000| Untracked 
|  78|0x0000000086a00000, 0x0000000086a00000, 0x0000000086b00000|  0%| F|  |TAMS 0x0000000086a00000, 0x0000000086a00000| Untracked 
|  79|0x0000000086b00000, 0x0000000086b00000, 0x0000000086c00000|  0%| F|  |TAMS 0x0000000086b00000, 0x0000000086b00000| Untracked 
|  80|0x0000000086c00000, 0x0000000086c00000, 0x0000000086d00000|  0%| F|  |TAMS 0x0000000086c00000, 0x0000000086c00000| Untracked 
|  81|0x0000000086d00000, 0x0000000086d00000, 0x0000000086e00000|  0%| F|  |TAMS 0x0000000086d00000, 0x0000000086d00000| Untracked 
|  82|0x0000000086e00000, 0x0000000086e00000, 0x0000000086f00000|  0%| F|  |TAMS 0x0000000086e00000, 0x0000000086e00000| Untracked 
|  83|0x0000000086f00000, 0x0000000086f00000, 0x0000000087000000|  0%| F|  |TAMS 0x0000000086f00000, 0x0000000086f00000| Untracked 
|  84|0x0000000087000000, 0x0000000087000000, 0x0000000087100000|  0%| F|  |TAMS 0x0000000087000000, 0x0000000087000000| Untracked 
|  85|0x0000000087100000, 0x0000000087100000, 0x0000000087200000|  0%| F|  |TAMS 0x0000000087100000, 0x0000000087100000| Untracked 
|  86|0x0000000087200000, 0x0000000087200000, 0x0000000087300000|  0%| F|  |TAMS 0x0000000087200000, 0x0000000087200000| Untracked 
|  87|0x0000000087300000, 0x0000000087300000, 0x0000000087400000|  0%| F|  |TAMS 0x0000000087300000, 0x0000000087300000| Untracked 
|  88|0x0000000087400000, 0x0000000087400000, 0x0000000087500000|  0%| F|  |TAMS 0x0000000087400000, 0x0000000087400000| Untracked 
|  89|0x0000000087500000, 0x0000000087500000, 0x0000000087600000|  0%| F|  |TAMS 0x0000000087500000, 0x0000000087500000| Untracked 
|  90|0x0000000087600000, 0x0000000087600000, 0x0000000087700000|  0%| F|  |TAMS 0x0000000087600000, 0x0000000087600000| Untracked 
|  91|0x0000000087700000, 0x0000000087700000, 0x0000000087800000|  0%| F|  |TAMS 0x0000000087700000, 0x0000000087700000| Untracked 
|  92|0x0000000087800000, 0x0000000087800000, 0x0000000087900000|  0%| F|  |TAMS 0x0000000087800000, 0x0000000087800000| Untracked 
|  93|0x0000000087900000, 0x0000000087900000, 0x0000000087a00000|  0%| F|  |TAMS 0x0000000087900000, 0x0000000087900000| Untracked 
|  94|0x0000000087a00000, 0x0000000087a00000, 0x0000000087b00000|  0%| F|  |TAMS 0x0000000087a00000, 0x0000000087a00000| Untracked 
|  95|0x0000000087b00000, 0x0000000087b00000, 0x0000000087c00000|  0%| F|  |TAMS 0x0000000087b00000, 0x0000000087b00000| Untracked 
|  96|0x0000000087c00000, 0x0000000087c00000, 0x0000000087d00000|  0%| F|  |TAMS 0x0000000087c00000, 0x0000000087c00000| Untracked 
|  97|0x0000000087d00000, 0x0000000087d00000, 0x0000000087e00000|  0%| F|  |TAMS 0x0000000087d00000, 0x0000000087d00000| Untracked 
|  98|0x0000000087e00000, 0x0000000087e00000, 0x0000000087f00000|  0%| F|  |TAMS 0x0000000087e00000, 0x0000000087e00000| Untracked 
|  99|0x0000000087f00000, 0x0000000087f00000, 0x0000000088000000|  0%| F|  |TAMS 0x0000000087f00000, 0x0000000087f00000| Untracked 
| 100|0x0000000088000000, 0x0000000088000000, 0x0000000088100000|  0%| F|  |TAMS 0x0000000088000000, 0x0000000088000000| Untracked 
| 101|0x0000000088100000, 0x0000000088100000, 0x0000000088200000|  0%| F|  |TAMS 0x0000000088100000, 0x0000000088100000| Untracked 
| 102|0x0000000088200000, 0x0000000088200000, 0x0000000088300000|  0%| F|  |TAMS 0x0000000088200000, 0x0000000088200000| Untracked 
| 103|0x0000000088300000, 0x0000000088300000, 0x0000000088400000|  0%| F|  |TAMS 0x0000000088300000, 0x0000000088300000| Untracked 
| 104|0x0000000088400000, 0x0000000088500000, 0x0000000088500000|100%| E|  |TAMS 0x0000000088400000, 0x0000000088400000| Complete 
| 105|0x0000000088500000, 0x0000000088600000, 0x0000000088600000|100%| E|CS|TAMS 0x0000000088500000, 0x0000000088500000| Complete 
| 106|0x0000000088600000, 0x0000000088700000, 0x0000000088700000|100%| E|CS|TAMS 0x0000000088600000, 0x0000000088600000| Complete 
| 107|0x0000000088700000, 0x0000000088800000, 0x0000000088800000|100%| E|CS|TAMS 0x0000000088700000, 0x0000000088700000| Complete 
| 108|0x0000000088800000, 0x0000000088900000, 0x0000000088900000|100%| E|CS|TAMS 0x0000000088800000, 0x0000000088800000| Complete 
| 109|0x0000000088900000, 0x0000000088a00000, 0x0000000088a00000|100%| E|CS|TAMS 0x0000000088900000, 0x0000000088900000| Complete 
| 110|0x0000000088a00000, 0x0000000088b00000, 0x0000000088b00000|100%| E|CS|TAMS 0x0000000088a00000, 0x0000000088a00000| Complete 
| 111|0x0000000088b00000, 0x0000000088c00000, 0x0000000088c00000|100%| E|CS|TAMS 0x0000000088b00000, 0x0000000088b00000| Complete 
| 112|0x0000000088c00000, 0x0000000088d00000, 0x0000000088d00000|100%| E|CS|TAMS 0x0000000088c00000, 0x0000000088c00000| Complete 
| 113|0x0000000088d00000, 0x0000000088e00000, 0x0000000088e00000|100%| E|CS|TAMS 0x0000000088d00000, 0x0000000088d00000| Complete 
| 114|0x0000000088e00000, 0x0000000088f00000, 0x0000000088f00000|100%| E|CS|TAMS 0x0000000088e00000, 0x0000000088e00000| Complete 
| 115|0x0000000088f00000, 0x0000000089000000, 0x0000000089000000|100%| E|CS|TAMS 0x0000000088f00000, 0x0000000088f00000| Complete 
| 116|0x0000000089000000, 0x0000000089100000, 0x0000000089100000|100%| E|CS|TAMS 0x0000000089000000, 0x0000000089000000| Complete 
| 117|0x0000000089100000, 0x0000000089200000, 0x0000000089200000|100%| E|CS|TAMS 0x0000000089100000, 0x0000000089100000| Complete 
| 118|0x0000000089200000, 0x0000000089300000, 0x0000000089300000|100%| E|CS|TAMS 0x0000000089200000, 0x0000000089200000| Complete 
| 119|0x0000000089300000, 0x0000000089400000, 0x0000000089400000|100%| E|CS|TAMS 0x0000000089300000, 0x0000000089300000| Complete 
| 120|0x0000000089400000, 0x0000000089500000, 0x0000000089500000|100%| E|CS|TAMS 0x0000000089400000, 0x0000000089400000| Complete 
| 121|0x0000000089500000, 0x0000000089600000, 0x0000000089600000|100%| E|CS|TAMS 0x0000000089500000, 0x0000000089500000| Complete 
| 122|0x0000000089600000, 0x0000000089700000, 0x0000000089700000|100%| E|CS|TAMS 0x0000000089600000, 0x0000000089600000| Complete 
| 123|0x0000000089700000, 0x0000000089800000, 0x0000000089800000|100%| E|CS|TAMS 0x0000000089700000, 0x0000000089700000| Complete 
| 124|0x0000000089800000, 0x0000000089900000, 0x0000000089900000|100%| E|CS|TAMS 0x0000000089800000, 0x0000000089800000| Complete 
| 125|0x0000000089900000, 0x0000000089a00000, 0x0000000089a00000|100%| E|CS|TAMS 0x0000000089900000, 0x0000000089900000| Complete 
| 126|0x0000000089a00000, 0x0000000089b00000, 0x0000000089b00000|100%| E|CS|TAMS 0x0000000089a00000, 0x0000000089a00000| Complete 
| 127|0x0000000089b00000, 0x0000000089c00000, 0x0000000089c00000|100%| E|CS|TAMS 0x0000000089b00000, 0x0000000089b00000| Complete 

Card table byte_map: [0x0000029f0f740000,0x0000029f0fb40000] _byte_map_base: 0x0000029f0f332000

Marking Bits (Prev, Next): (CMBitMap*) 0x0000029f7bf038d8, (CMBitMap*) 0x0000029f7bf03910
 Prev Bits: [0x0000029f0ff40000, 0x0000029f11ed0000)
 Next Bits: [0x0000029f11ed0000, 0x0000029f13e60000)

Polling page: 0x0000029f7b6a0000

Metaspace:

Usage:
  Non-class:     16.40 MB capacity,    16.15 MB ( 99%) used,   214.00 KB (  1%) free+waste,    34.19 KB ( <1%) overhead. 
      Class:      2.53 MB capacity,     2.41 MB ( 95%) used,   102.59 KB (  4%) free+waste,    16.81 KB ( <1%) overhead. 
       Both:     18.92 MB capacity,    18.56 MB ( 98%) used,   316.59 KB (  2%) free+waste,    51.00 KB ( <1%) overhead. 

Virtual space:
  Non-class space:       22.00 MB reserved,      16.50 MB ( 75%) committed 
      Class space:        1.00 GB reserved,       2.63 MB ( <1%) committed 
             Both:        1.02 GB reserved,      19.13 MB (  2%) committed 

Chunk freelists:
   Non-Class:  43.00 KB
       Class:  6.00 KB
        Both:  49.00 KB

MaxMetaspaceSize: 17179869184.00 GB
CompressedClassSpaceSize: 1.00 GB

CodeHeap 'non-profiled nmethods': size=120000Kb used=817Kb max_used=817Kb free=119183Kb
 bounds [0x0000029f07ad0000, 0x0000029f07d40000, 0x0000029f0f000000]
CodeHeap 'profiled nmethods': size=120000Kb used=3800Kb max_used=3800Kb free=116199Kb
 bounds [0x0000029f005a0000, 0x0000029f00960000, 0x0000029f07ad0000]
CodeHeap 'non-nmethods': size=5760Kb used=1187Kb max_used=1200Kb free=4572Kb
 bounds [0x0000029f00000000, 0x0000029f00270000, 0x0000029f005a0000]
 total_blobs=3180 nmethods=1907 adapters=435
 compilation: enabled
              stopped_count=0, restarted_count=0
 full_count=0

Compilation events (20 events):
Event: 2.888 Thread 0x0000029f1688c800 nmethod 1884 0x0000029f07b9af10 code [0x0000029f07b9b0c0, 0x0000029f07b9b1f8]
Event: 2.888 Thread 0x0000029f1688c800 1885       1       sun.reflect.annotation.AnnotatedTypeFactory$AnnotatedTypeBaseImpl::getType (5 bytes)
Event: 2.888 Thread 0x0000029f1688c800 nmethod 1885 0x0000029f07b9b290 code [0x0000029f07b9b440, 0x0000029f07b9b578]
Event: 2.889 Thread 0x0000029f1688c800 1886   !   3       sun.reflect.generics.factory.CoreReflectionFactory::makeNamedType (21 bytes)
Event: 2.889 Thread 0x0000029f1688c800 nmethod 1886 0x0000029f00947690 code [0x0000029f00947880, 0x0000029f00947b10]
Event: 2.889 Thread 0x0000029f1688c800 1887       3       sun.reflect.generics.factory.CoreReflectionFactory::getDeclsLoader (85 bytes)
Event: 2.891 Thread 0x0000029f1688c800 nmethod 1887 0x0000029f00947c90 code [0x0000029f00948020, 0x0000029f00949f40]
Event: 2.891 Thread 0x0000029f1688c800 1888       1       sun.reflect.annotation.TypeAnnotation::getLocationInfo (5 bytes)
Event: 2.892 Thread 0x0000029f1688c800 nmethod 1888 0x0000029f07b9b610 code [0x0000029f07b9b7c0, 0x0000029f07b9b8f8]
Event: 2.892 Thread 0x0000029f1688c800 1889       3       java.lang.Class::isAnnotationPresent (6 bytes)
Event: 2.892 Thread 0x0000029f1688c800 nmethod 1889 0x0000029f0094a610 code [0x0000029f0094a820, 0x0000029f0094ae50]
Event: 2.892 Thread 0x0000029f1688c800 1890       3       sun.reflect.generics.visitor.Reifier::make (9 bytes)
Event: 2.892 Thread 0x0000029f1688c800 nmethod 1890 0x0000029f0094b010 code [0x0000029f0094b1e0, 0x0000029f0094b498]
Event: 2.892 Thread 0x0000029f1688c800 1891       3       sun.reflect.generics.visitor.Reifier::<init> (10 bytes)
Event: 2.892 Thread 0x0000029f1688c800 nmethod 1891 0x0000029f0094b590 code [0x0000029f0094b740, 0x0000029f0094b978]
Event: 2.892 Thread 0x0000029f1688c800 1892       3       sun.reflect.generics.tree.ClassTypeSignature::accept (8 bytes)
Event: 2.892 Thread 0x0000029f1688c800 nmethod 1892 0x0000029f0094ba10 code [0x0000029f0094bbe0, 0x0000029f0094bdf0]
Event: 2.893 Thread 0x0000029f1688c800 1894       3       java.lang.reflect.Method::getParameterCount (6 bytes)
Event: 2.893 Thread 0x0000029f1688c800 nmethod 1894 0x0000029f0094bf10 code [0x0000029f0094c0c0, 0x0000029f0094c258]
Event: 2.893 Thread 0x0000029f1688c800 1893       3       sun.reflect.generics.visitor.Reifier::visitClassTypeSignature (381 bytes)

GC Heap History (4 events):
Event: 0.572 GC heap before
{Heap before GC invocations=0 (full 0):
 garbage-first heap   total 131072K, used 24576K [0x0000000081c00000, 0x0000000100000000)
  region size 1024K, 24 young (24576K), 0 survivors (0K)
 Metaspace       used 1760K, capacity 5036K, committed 5120K, reserved 1056768K
  class space    used 171K, capacity 486K, committed 512K, reserved 1048576K
}
Event: 0.576 GC heap after
{Heap after GC invocations=1 (full 0):
 garbage-first heap   total 131072K, used 5583K [0x0000000081c00000, 0x0000000100000000)
  region size 1024K, 3 young (3072K), 3 survivors (3072K)
 Metaspace       used 1760K, capacity 5036K, committed 5120K, reserved 1056768K
  class space    used 171K, capacity 486K, committed 512K, reserved 1048576K
}
Event: 2.518 GC heap before
{Heap before GC invocations=1 (full 0):
 garbage-first heap   total 131072K, used 79311K [0x0000000081c00000, 0x0000000100000000)
  region size 1024K, 76 young (77824K), 3 survivors (3072K)
 Metaspace       used 14675K, capacity 15292K, committed 15488K, reserved 1062912K
  class space    used 1925K, capacity 2063K, committed 2176K, reserved 1048576K
}
Event: 2.527 GC heap after
{Heap after GC invocations=2 (full 0):
 garbage-first heap   total 131072K, used 9687K [0x0000000081c00000, 0x0000000100000000)
  region size 1024K, 8 young (8192K), 8 survivors (8192K)
 Metaspace       used 14675K, capacity 15292K, committed 15488K, reserved 1062912K
  class space    used 1925K, capacity 2063K, committed 2176K, reserved 1048576K
}

Deoptimization events (20 events):
Event: 1.361 Thread 0x0000029f79e8e800 DEOPT PACKING pc=0x0000029f07b2c538 sp=0x000000e3614fc8a0
Event: 1.361 Thread 0x0000029f79e8e800 DEOPT UNPACKING pc=0x0000029f0002922f sp=0x000000e3614fc818 mode 2
Event: 1.433 Thread 0x0000029f79e8e800 DEOPT PACKING pc=0x0000029f0073e8f0 sp=0x000000e3614fc450
Event: 1.433 Thread 0x0000029f79e8e800 DEOPT UNPACKING pc=0x0000029f0002904e sp=0x000000e3614fb8d8 mode 0
Event: 1.704 Thread 0x0000029f79e8e800 Uncommon trap: trap_request=0xffffff4d fr.pc=0x0000029f07b3a0e4 relative=0x0000000000001784
Event: 1.704 Thread 0x0000029f79e8e800 Uncommon trap: reason=unstable_if action=reinterpret pc=0x0000029f07b3a0e4 method=java.io.WinNTFileSystem.normalize(Ljava/lang/String;)Ljava/lang/String; @ 128 c2
Event: 1.704 Thread 0x0000029f79e8e800 DEOPT PACKING pc=0x0000029f07b3a0e4 sp=0x000000e3614fc510
Event: 1.704 Thread 0x0000029f79e8e800 DEOPT UNPACKING pc=0x0000029f0002922f sp=0x000000e3614fc4f8 mode 2
Event: 1.708 Thread 0x0000029f79e8e800 DEOPT PACKING pc=0x0000029f0073e8f0 sp=0x000000e3614fc450
Event: 1.708 Thread 0x0000029f79e8e800 DEOPT UNPACKING pc=0x0000029f0002904e sp=0x000000e3614fb8d8 mode 0
Event: 1.712 Thread 0x0000029f79e8e800 DEOPT PACKING pc=0x0000029f0073e8f0 sp=0x000000e3614fc3f0
Event: 1.712 Thread 0x0000029f79e8e800 DEOPT UNPACKING pc=0x0000029f0002904e sp=0x000000e3614fb878 mode 0
Event: 1.781 Thread 0x0000029f79e8e800 Uncommon trap: trap_request=0xffffff4d fr.pc=0x0000029f07b2cb24 relative=0x00000000000000e4
Event: 1.781 Thread 0x0000029f79e8e800 Uncommon trap: reason=unstable_if action=reinterpret pc=0x0000029f07b2cb24 method=java.util.HashMap.hash(Ljava/lang/Object;)I @ 1 c2
Event: 1.781 Thread 0x0000029f79e8e800 DEOPT PACKING pc=0x0000029f07b2cb24 sp=0x000000e3614fd8a0
Event: 1.781 Thread 0x0000029f79e8e800 DEOPT UNPACKING pc=0x0000029f0002922f sp=0x000000e3614fd7e0 mode 2
Event: 1.782 Thread 0x0000029f79e8e800 Uncommon trap: trap_request=0xffffff4d fr.pc=0x0000029f07af71bc relative=0x000000000000009c
Event: 1.782 Thread 0x0000029f79e8e800 Uncommon trap: reason=unstable_if action=reinterpret pc=0x0000029f07af71bc method=java.util.HashMap.hash(Ljava/lang/Object;)I @ 1 c2
Event: 1.782 Thread 0x0000029f79e8e800 DEOPT PACKING pc=0x0000029f07af71bc sp=0x000000e3614fd850
Event: 1.782 Thread 0x0000029f79e8e800 DEOPT UNPACKING pc=0x0000029f0002922f sp=0x000000e3614fd7e8 mode 2

Classes redefined (0 events):
No events

Internal exceptions (17 events):
Event: 0.856 Thread 0x0000029f79e8e800 Exception <a 'java/lang/ClassNotFoundException'{0x0000000087cd5560}: javax/smartcardio/CardPermission> (0x0000000087cd5560) thrown at [c:/BuildAgent/work/5ff2f6c26000d570/src/hotspot/share/classfile/systemDictionary.cpp, line 231]
Event: 0.861 Thread 0x0000029f79e8e800 Exception <a 'java/io/FileNotFoundException'{0x0000000087ce4f70}> (0x0000000087ce4f70) thrown at [c:/BuildAgent/work/5ff2f6c26000d570/src/hotspot/share/prims/jni.cpp, line 615]
Event: 0.955 Thread 0x0000029f79e8e800 Exception <a 'java/lang/NoSuchMethodError'{0x000000008795bf48}: 'org.slf4j.impl.StaticMDCBinder org.slf4j.impl.StaticMDCBinder.getSingleton()'> (0x000000008795bf48) thrown at [c:/BuildAgent/work/5ff2f6c26000d570/src/hotspot/share/interpreter/linkResolver.
Event: 1.424 Thread 0x0000029f79e8e800 Exception <a 'java/lang/NoSuchMethodError'{0x0000000086a22950}: 'java.lang.Object java.lang.invoke.DirectMethodHandle$Holder.invokeStaticInit(java.lang.Object, int, int, int, int)'> (0x0000000086a22950) thrown at [c:/BuildAgent/work/5ff2f6c26000d570/src/h
Event: 1.713 Thread 0x0000029f79e8e800 Exception <a 'java/lang/NoSuchMethodError'{0x0000000086908798}: 'java.lang.Object java.lang.invoke.DirectMethodHandle$Holder.invokeStaticInit(java.lang.Object, java.lang.Object, int, int, int, int)'> (0x0000000086908798) thrown at [c:/BuildAgent/work/5ff2
Event: 1.781 Thread 0x0000029f79e8e800 Implicit null exception at 0x0000029f07b2ca88 to 0x0000029f07b2cb1a
Event: 1.782 Thread 0x0000029f79e8e800 Implicit null exception at 0x0000029f07af712f to 0x0000029f07af71ad
Event: 1.941 Thread 0x0000029f79e8e800 Exception <a 'java/lang/NoSuchMethodError'{0x00000000864a4f10}: 'java.lang.Object java.lang.invoke.DirectMethodHandle$Holder.invokeStatic(java.lang.Object, java.lang.Object, java.lang.Object, java.lang.Object, java.lang.Object, java.lang.Object, java.lang
Event: 1.943 Thread 0x0000029f79e8e800 Exception <a 'java/lang/NoSuchMethodError'{0x00000000864b2c70}: 'java.lang.Object java.lang.invoke.DirectMethodHandle$Holder.invokeStatic(java.lang.Object, java.lang.Object, java.lang.Object, java.lang.Object, java.lang.Object, java.lang.Object, java.lang
Event: 1.947 Thread 0x0000029f79e8e800 Exception <a 'java/lang/NoSuchMethodError'{0x00000000864c08e0}: 'java.lang.Object java.lang.invoke.DirectMethodHandle$Holder.invokeSpecial(java.lang.Object, java.lang.Object, int, int, java.lang.Object, java.lang.Object, java.lang.Object)'> (0x00000000864
Event: 1.947 Thread 0x0000029f79e8e800 Exception <a 'java/lang/NoSuchMethodError'{0x00000000864c3e70}: 'java.lang.Object java.lang.invoke.DelegatingMethodHandle$Holder.reinvoke_L(java.lang.Object, int, int, java.lang.Object, java.lang.Object, java.lang.Object)'> (0x00000000864c3e70) thrown at 
Event: 1.957 Thread 0x0000029f79e8e800 Exception <a 'java/lang/NoSuchMethodError'{0x00000000864c81f8}: 'java.lang.Object java.lang.invoke.DirectMethodHandle$Holder.invokeStatic(java.lang.Object, java.lang.Object, java.lang.Object, java.lang.Object, int)'> (0x00000000864c81f8) thrown at [c:/Bui
Event: 2.052 Thread 0x0000029f79e8e800 Exception <a 'java/lang/NoSuchMethodError'{0x000000008613b020}: 'int java.lang.invoke.DirectMethodHandle$Holder.invokeSpecialIFC(java.lang.Object, java.lang.Object, int)'> (0x000000008613b020) thrown at [c:/BuildAgent/work/5ff2f6c26000d570/src/hotspot/sha
Event: 2.073 Thread 0x0000029f79e8e800 Exception <a 'java/lang/NoSuchMethodError'{0x00000000861d1648}: 'java.lang.Object java.lang.invoke.DirectMethodHandle$Holder.invokeVirtual(java.lang.Object, java.lang.Object, java.lang.Object)'> (0x00000000861d1648) thrown at [c:/BuildAgent/work/5ff2f6c26
Event: 2.080 Thread 0x0000029f79e8e800 Exception <a 'java/lang/NoSuchMethodError'{0x00000000861f47b0}: 'void java.lang.invoke.DirectMethodHandle$Holder.invokeSpecial(java.lang.Object, java.lang.Object, java.lang.Object, java.lang.Object)'> (0x00000000861f47b0) thrown at [c:/BuildAgent/work/5ff
Event: 2.413 Thread 0x0000029f79e8e800 Exception <a 'java/lang/NoSuchMethodError'{0x000000008544d620}: 'void java.lang.invoke.DirectMethodHandle$Holder.invokeStaticInit(java.lang.Object, java.lang.Object)'> (0x000000008544d620) thrown at [c:/BuildAgent/work/5ff2f6c26000d570/src/hotspot/share/i
Event: 2.674 Thread 0x0000029f79e8e800 Exception <a 'java/lang/NoSuchMethodError'{0x000000008944a880}: 'java.lang.Object java.lang.invoke.DirectMethodHandle$Holder.newInvokeSpecial(java.lang.Object, java.lang.Object, int, java.lang.Object, java.lang.Object)'> (0x000000008944a880) thrown at [c:

Events (20 events):
Event: 2.887 loading class sun/reflect/generics/tree/DoubleSignature
Event: 2.887 loading class sun/reflect/generics/tree/DoubleSignature done
Event: 2.887 loading class org/hibernate/validator/internal/engine/valueextraction/CharArrayValueExtractor
Event: 2.887 loading class org/hibernate/validator/internal/engine/valueextraction/CharArrayValueExtractor done
Event: 2.888 loading class sun/reflect/generics/tree/CharSignature
Event: 2.888 loading class sun/reflect/generics/tree/CharSignature done
Event: 2.888 loading class org/hibernate/validator/internal/engine/valueextraction/BooleanArrayValueExtractor
Event: 2.888 loading class org/hibernate/validator/internal/engine/valueextraction/BooleanArrayValueExtractor done
Event: 2.889 loading class sun/reflect/generics/tree/BooleanSignature
Event: 2.889 loading class sun/reflect/generics/tree/BooleanSignature done
Event: 2.889 loading class org/hibernate/validator/internal/engine/valueextraction/ObjectArrayValueExtractor
Event: 2.889 loading class org/hibernate/validator/internal/engine/valueextraction/ObjectArrayValueExtractor done
Event: 2.890 loading class org/hibernate/validator/internal/engine/valueextraction/ListValueExtractor
Event: 2.890 loading class org/hibernate/validator/internal/engine/valueextraction/ListValueExtractor done
Event: 2.891 loading class org/hibernate/validator/internal/engine/valueextraction/MapValueExtractor
Event: 2.891 loading class org/hibernate/validator/internal/engine/valueextraction/MapValueExtractor done
Event: 2.892 loading class org/hibernate/validator/internal/engine/valueextraction/MapKeyExtractor
Event: 2.892 loading class org/hibernate/validator/internal/engine/valueextraction/MapKeyExtractor done
Event: 2.892 loading class org/hibernate/validator/internal/engine/valueextraction/IterableValueExtractor
Event: 2.892 loading class org/hibernate/validator/internal/engine/valueextraction/IterableValueExtractor done


Dynamic libraries:
0x00007ff79be20000 - 0x00007ff79be2a000 	C:\Program Files\JetBrains\IntelliJ IDEA Community Edition 2019.3.2\jbr\bin\java.exe
0x00007ffa26450000 - 0x00007ffa26645000 	C:\WINDOWS\SYSTEM32\ntdll.dll
0x00007ffa24e20000 - 0x00007ffa24edd000 	C:\WINDOWS\System32\KERNEL32.DLL
0x00007ffa241f0000 - 0x00007ffa244b7000 	C:\WINDOWS\System32\KERNELBASE.dll
0x00007ffa23f70000 - 0x00007ffa24070000 	C:\WINDOWS\System32\ucrtbase.dll
0x00007ffa16680000 - 0x00007ffa16699000 	C:\Program Files\JetBrains\IntelliJ IDEA Community Edition 2019.3.2\jbr\bin\jli.dll
0x00007ffa17230000 - 0x00007ffa17247000 	C:\Program Files\JetBrains\IntelliJ IDEA Community Edition 2019.3.2\jbr\bin\VCRUNTIME140.dll
0x00007ffa250a0000 - 0x00007ffa25240000 	C:\WINDOWS\System32\USER32.dll
0x00007ffa0b0b0000 - 0x00007ffa0b34a000 	C:\WINDOWS\WinSxS\amd64_microsoft.windows.common-controls_6595b64144ccf1df_6.0.19041.1_none_b555e41d4684ddec\COMCTL32.dll
0x00007ffa23c80000 - 0x00007ffa23ca2000 	C:\WINDOWS\System32\win32u.dll
0x00007ffa25f20000 - 0x00007ffa25fbe000 	C:\WINDOWS\System32\msvcrt.dll
0x00007ffa25ef0000 - 0x00007ffa25f1a000 	C:\WINDOWS\System32\GDI32.dll
0x00007ffa23e60000 - 0x00007ffa23f6a000 	C:\WINDOWS\System32\gdi32full.dll
0x00007ffa24150000 - 0x00007ffa241ed000 	C:\WINDOWS\System32\msvcp_win.dll
0x00007ffa25ec0000 - 0x00007ffa25ef0000 	C:\WINDOWS\System32\IMM32.DLL
0x00007ff9ed890000 - 0x00007ff9ed92d000 	C:\Program Files\JetBrains\IntelliJ IDEA Community Edition 2019.3.2\jbr\bin\msvcp140.dll
0x00007ff9c7c30000 - 0x00007ff9c86eb000 	C:\Program Files\JetBrains\IntelliJ IDEA Community Edition 2019.3.2\jbr\bin\server\jvm.dll
0x00007ffa25250000 - 0x00007ffa252fa000 	C:\WINDOWS\System32\ADVAPI32.dll
0x00007ffa24640000 - 0x00007ffa246db000 	C:\WINDOWS\System32\sechost.dll
0x00007ffa24f70000 - 0x00007ffa25093000 	C:\WINDOWS\System32\RPCRT4.dll
0x00007ffa25240000 - 0x00007ffa25248000 	C:\WINDOWS\System32\PSAPI.DLL
0x00007ffa0f550000 - 0x00007ffa0f559000 	C:\WINDOWS\SYSTEM32\WSOCK32.dll
0x00007ffa24f00000 - 0x00007ffa24f6b000 	C:\WINDOWS\System32\WS2_32.dll
0x00007ffa15d20000 - 0x00007ffa15d47000 	C:\WINDOWS\SYSTEM32\WINMM.dll
0x00007ffa0d580000 - 0x00007ffa0d58a000 	C:\WINDOWS\SYSTEM32\VERSION.dll
0x00007ffa22500000 - 0x00007ffa22513000 	C:\WINDOWS\SYSTEM32\kernel.appcore.dll
0x00007ffa1dd50000 - 0x00007ffa1dd61000 	C:\Program Files\JetBrains\IntelliJ IDEA Community Edition 2019.3.2\jbr\bin\verify.dll
0x00007ffa21a10000 - 0x00007ffa21bf4000 	C:\WINDOWS\SYSTEM32\DBGHELP.DLL
0x00007ffa0dbc0000 - 0x00007ffa0dbec000 	C:\WINDOWS\SYSTEM32\dbgcore.DLL
0x00007ffa24070000 - 0x00007ffa240ef000 	C:\WINDOWS\System32\bcryptPrimitives.dll
0x00007ffa1c360000 - 0x00007ffa1c389000 	C:\Program Files\JetBrains\IntelliJ IDEA Community Edition 2019.3.2\jbr\bin\java.dll
0x00007ffa1dbd0000 - 0x00007ffa1dbdf000 	C:\Program Files\JetBrains\IntelliJ IDEA Community Edition 2019.3.2\jbr\bin\instrument.dll
0x00007ffa1c340000 - 0x00007ffa1c357000 	C:\Program Files\JetBrains\IntelliJ IDEA Community Edition 2019.3.2\jbr\bin\zip.dll
0x00007ffa1dd40000 - 0x00007ffa1dd4b000 	C:\Program Files\JetBrains\IntelliJ IDEA Community Edition 2019.3.2\jbr\bin\jimage.dll
0x00007ffa25300000 - 0x00007ffa25a40000 	C:\WINDOWS\System32\SHELL32.dll
0x00007ffa21d00000 - 0x00007ffa22491000 	C:\WINDOWS\SYSTEM32\windows.storage.dll
0x00007ffa25fc0000 - 0x00007ffa26313000 	C:\WINDOWS\System32\combase.dll
0x00007ffa23620000 - 0x00007ffa2364c000 	C:\WINDOWS\SYSTEM32\Wldp.dll
0x00007ffa24d70000 - 0x00007ffa24e1e000 	C:\WINDOWS\System32\SHCORE.dll
0x00007ffa25e60000 - 0x00007ffa25eb5000 	C:\WINDOWS\System32\shlwapi.dll
0x00007ffa23ae0000 - 0x00007ffa23aff000 	C:\WINDOWS\SYSTEM32\profapi.dll
0x00007ffa1c320000 - 0x00007ffa1c33a000 	C:\Program Files\JetBrains\IntelliJ IDEA Community Edition 2019.3.2\jbr\bin\net.dll
0x00007ffa16eb0000 - 0x00007ffa16fb0000 	C:\WINDOWS\SYSTEM32\WINHTTP.dll
0x00007ffa233a0000 - 0x00007ffa2340a000 	C:\WINDOWS\system32\mswsock.dll
0x00007ffa19820000 - 0x00007ffa19834000 	C:\Program Files\JetBrains\IntelliJ IDEA Community Edition 2019.3.2\jbr\bin\nio.dll
0x00007ffa1cc20000 - 0x00007ffa1cc3a000 	C:\Program Files\JetBrains\IntelliJ IDEA Community Edition 2019.3.2\bin\breakgen64.dll
0x00007ffa23570000 - 0x00007ffa23588000 	C:\WINDOWS\SYSTEM32\CRYPTSP.dll
0x00007ffa22cc0000 - 0x00007ffa22cf4000 	C:\WINDOWS\system32\rsaenh.dll
0x00007ffa23c50000 - 0x00007ffa23c77000 	C:\WINDOWS\System32\bcrypt.dll
0x00007ffa23a60000 - 0x00007ffa23a8e000 	C:\WINDOWS\SYSTEM32\USERENV.dll
0x00007ffa23590000 - 0x00007ffa2359c000 	C:\WINDOWS\SYSTEM32\CRYPTBASE.dll
0x00007ffa23040000 - 0x00007ffa2307b000 	C:\WINDOWS\SYSTEM32\IPHLPAPI.DLL
0x00007ffa25e50000 - 0x00007ffa25e59000 	C:\WINDOWS\System32\NSI.dll
0x00007ffa1a520000 - 0x00007ffa1a537000 	C:\WINDOWS\SYSTEM32\dhcpcsvc6.DLL
0x00007ffa1a940000 - 0x00007ffa1a95d000 	C:\WINDOWS\SYSTEM32\dhcpcsvc.DLL
0x00007ffa23080000 - 0x00007ffa2314a000 	C:\WINDOWS\SYSTEM32\DNSAPI.dll
0x00007ffa18200000 - 0x00007ffa1820a000 	C:\Windows\System32\rasadhlp.dll
0x00007ffa16e20000 - 0x00007ffa16e9f000 	C:\WINDOWS\System32\fwpuclnt.dll

dbghelp: loaded successfully - version: 4.0.5 - missing functions: none
symbol engine: initialized successfully - sym options: 0x614 - pdb path: .;C:\Program Files\JetBrains\IntelliJ IDEA Community Edition 2019.3.2\jbr\bin;C:\WINDOWS\SYSTEM32;C:\WINDOWS\WinSxS\amd64_microsoft.windows.common-controls_6595b64144ccf1df_6.0.19041.1_none_b555e41d4684ddec;C:\Program Files\JetBrains\IntelliJ IDEA Community Edition 2019.3.2\jbr\bin\server;C:\Program Files\JetBrains\IntelliJ IDEA Community Edition 2019.3.2\bin

VM Arguments:
jvm_args: -javaagent:C:\Program Files\JetBrains\IntelliJ IDEA Community Edition 2019.3.2\lib\idea_rt.jar=59887:C:\Program Files\JetBrains\IntelliJ IDEA Community Edition 2019.3.2\bin -Dfile.encoding=UTF-8 
java_command: io.mbab.sda.groupproject.Application
java_class_path (initial): C:\Users\jmier\IdeaProjects\sda-group-project\target\classes;C:\Users\jmier\.m2\repository\org\springframework\boot\spring-boot-starter-data-jpa\2.3.3.RELEASE\spring-boot-starter-data-jpa-2.3.3.RELEASE.jar;C:\Users\jmier\.m2\repository\org\springframework\boot\spring-boot-starter-aop\2.3.3.RELEASE\spring-boot-starter-aop-2.3.3.RELEASE.jar;C:\Users\jmier\.m2\repository\org\springframework\spring-aop\5.2.8.RELEASE\spring-aop-5.2.8.RELEASE.jar;C:\Users\jmier\.m2\repository\org\aspectj\aspectjweaver\1.9.6\aspectjweaver-1.9.6.jar;C:\Users\jmier\.m2\repository\org\springframework\boot\spring-boot-starter-jdbc\2.3.3.RELEASE\spring-boot-starter-jdbc-2.3.3.RELEASE.jar;C:\Users\jmier\.m2\repository\com\zaxxer\HikariCP\3.4.5\HikariCP-3.4.5.jar;C:\Users\jmier\.m2\repository\org\springframework\spring-jdbc\5.2.8.RELEASE\spring-jdbc-5.2.8.RELEASE.jar;C:\Users\jmier\.m2\repository\jakarta\transaction\jakarta.transaction-api\1.3.3\jakarta.transaction-api-1.3.3.jar;C:\Users\jmier\.m2\repository\jakarta\persistence\jakarta.persistence-api\2.2.3\jakarta.persistence-api-2.2.3.jar;C:\Users\jmier\.m2\repository\org\hibernate\hibernate-core\5.4.20.Final\hibernate-core-5.4.20.Final.jar;C:\Users\jmier\.m2\repository\org\jboss\logging\jboss-logging\3.4.1.Final\jboss-logging-3.4.1.Final.jar;C:\Users\jmier\.m2\repository\org\javassist\javassist\3.24.0-GA\javassist-3.24.0-GA.jar;C:\Users\jmier\.m2\repository\net\bytebuddy\byte-buddy\1.10.14\byte-buddy-1.10.14.jar;C:\Users\jmier\.m2\repository\antlr\antlr\2.7.7\antlr-2.7.7.jar;C:\Users\jmier\.m2\repository\org\jboss\jandex\2.1.3.Final\jandex-2.1.3.Final.jar;C:\Users\jmier\.m2\repository\com\fasterxml\classmate\1.5.1\classmate-1.5.1.jar;C:\Users\jmier\.m2\repository\org\dom4j\dom4j\2.1.3\dom4j-2.1.3.jar;C:\Users\jmier\.m2\repository\org\hibernate\common\hibernate-commons-annotations\5.1.0.Final\hibernate-commons-annotations-5.1.0.Final.jar;C:\Users\jmier\.m2\repository\org\glassfish\jaxb\jaxb-runtime\2.3.3\jaxb-runtim
Launcher Type: SUN_STANDARD

[Global flags]
     intx CICompilerCount                          = 4                                         {product} {ergonomic}
     uint ConcGCThreads                            = 2                                         {product} {ergonomic}
     uint G1ConcRefinementThreads                  = 8                                         {product} {ergonomic}
   size_t G1HeapRegionSize                         = 1048576                                   {product} {ergonomic}
    uintx GCDrainStackTargetSize                   = 64                                        {product} {ergonomic}
   size_t InitialHeapSize                          = 134217728                                 {product} {ergonomic}
   size_t MarkStackSize                            = 4194304                                   {product} {ergonomic}
   size_t MaxHeapSize                              = 2118123520                                {product} {ergonomic}
   size_t MaxNewSize                               = 1270874112                                {product} {ergonomic}
   size_t MinHeapDeltaBytes                        = 1048576                                   {product} {ergonomic}
    uintx NonNMethodCodeHeapSize                   = 5836300                                {pd product} {ergonomic}
    uintx NonProfiledCodeHeapSize                  = 122910970                              {pd product} {ergonomic}
    uintx ProfiledCodeHeapSize                     = 122910970                              {pd product} {ergonomic}
    uintx ReservedCodeCacheSize                    = 251658240                              {pd product} {ergonomic}
     bool SegmentedCodeCache                       = true                                      {product} {ergonomic}
     bool UseCompressedClassPointers               = true                                 {lp64_product} {ergonomic}
     bool UseCompressedOops                        = true                                 {lp64_product} {ergonomic}
     bool UseG1GC                                  = true                                      {product} {ergonomic}
     bool UseLargePagesIndividualAllocation        = false                                  {pd product} {ergonomic}

Logging:
Log output configuration:
 #0: stdout all=warning uptime,level,tags
 #1: stderr all=off uptime,level,tags

Environment Variables:
JAVA_HOME=C:\Program Files\AdoptOpenJDK\jdk-11.0.6.10-hotspot\
PATH=C:\Program Files\AdoptOpenJDK\jdk-11.0.6.10-hotspot\bin;C:\PROGRA~2\Borland\CBUILD~1\Bin;C:\PROGRA~2\Borland\CBUILD~1\Projects\Bpl;C:\Program Files (x86)\Intel\iCLS Client\;C:\Program Files\Intel\iCLS Client\;C:\WINDOWS\system32;C:\WINDOWS;C:\WINDOWS\System32\Wbem;C:\WINDOWS\System32\WindowsPowerShell\v1.0\;C:\Program Files (x86)\Intel\Intel(R) Management Engine Components\DAL;C:\Program Files\Intel\Intel(R) Management Engine Components\DAL;C:\Program Files (x86)\Intel\Intel(R) Management Engine Components\IPT;C:\Program Files\Intel\Intel(R) Management Engine Components\IPT;C:\WINDOWS\System32\OpenSSH\;C:\Program Files\Intel\WiFi\bin\;C:\Program Files\Common Files\Intel\WirelessCommon\;C:\Program Files\Git\cmd;C:\Users\jmier\Desktop\Java\apache-maven-3.6.3\bin;C:\Program Files (x86)\Microsoft SQL Server\150\DTS\Binn\;C:\Program Files\Microsoft SQL Server\Client SDK\ODBC\170\Tools\Binn\;C:\Program Files (x86)\Microsoft SQL Server\150\Tools\Binn\;C:\Program Files\Microsoft SQL Server\150\Tools\Binn\;C:\Program Files\Microsoft SQL Server\150\DTS\Binn\;C:\Program Files\MySQL\MySQL Shell 8.0\bin\;C:\Users\jmier\AppData\Local\Microsoft\WindowsApps;C:\Users\jmier\Desktop\Java\apache-maven-3.6.3\bin;
USERNAME=jmier
OS=Windows_NT
PROCESSOR_IDENTIFIER=Intel64 Family 6 Model 142 Stepping 10, GenuineIntel



---------------  S Y S T E M  ---------------

OS: Windows 10 , 64 bit Build 19041 (10.0.19041.292)

CPU:total 8 (initial active 8) (4 cores per cpu, 2 threads per core) family 6 model 142 stepping 10, cmov, cx8, fxsr, mmx, sse, sse2, sse3, ssse3, sse4.1, sse4.2, popcnt, avx, avx2, aes, clmul, erms, 3dnowpref, lzcnt, ht, tsc, tscinvbit, bmi1, bmi2, adx, fma

Memory: 4k page, system-wide physical 8078M (938M free)
TotalPageFile size 12174M (AvailPageFile size 5M)
current process WorkingSet (physical memory assigned to process): 171M, peak: 171M
current process commit charge ("private bytes"): 245M, peak: 245M

vm_info: OpenJDK 64-Bit Server VM (11.0.5+10-b520.30) for windows-amd64 JRE (11.0.5+10-b520.30), built on Dec 24 2019 12:06:09 by "" with MS VC++ 14.0 (VS2015)

END.
